{
  "stats": {
    "suites": 22,
    "tests": 69,
    "passes": 57,
    "pending": 0,
    "failures": 12,
    "start": "2022-08-12T04:01:55.222Z",
    "end": "2022-08-12T04:04:33.294Z",
    "duration": 158072,
    "testsRegistered": 69,
    "passPercent": 82.6086956521739,
    "pendingPercent": 0,
    "other": 0,
    "hasOther": false,
    "skipped": 0,
    "hasSkipped": false
  },
  "results": [
    {
      "uuid": "74bb77e5-200c-4be9-a2f5-dc3976bafb98",
      "title": "",
      "fullFile": "cypress/integration/project.spec.js",
      "file": "cypress/integration/project.spec.js",
      "beforeHooks": [],
      "afterHooks": [],
      "tests": [],
      "suites": [
        {
          "uuid": "d8adf1bc-6104-4564-9d47-32ca70dbda3c",
          "title": "Trybewarts",
          "fullFile": "",
          "file": "",
          "beforeHooks": [],
          "afterHooks": [],
          "tests": [],
          "suites": [
            {
              "uuid": "33a81ef9-52ab-4654-847a-d5dfa0a39468",
              "title": "1 - Crie uma barra verde na parte superior da página",
              "fullFile": "",
              "file": "",
              "beforeHooks": [],
              "afterHooks": [],
              "tests": [
                {
                  "title": "A barra possui a classe `header`",
                  "fullTitle": "Trybewarts 1 - Crie uma barra verde na parte superior da página A barra possui a classe `header`",
                  "timedOut": null,
                  "duration": 1867,
                  "state": "passed",
                  "speed": "fast",
                  "pass": true,
                  "fail": false,
                  "pending": false,
                  "context": null,
                  "code": "cy.get(TOP_BAR_SELECTOR).should('exist');",
                  "err": {},
                  "uuid": "81b64998-44db-478d-8e7a-1b0d74b89255",
                  "parentUUID": "33a81ef9-52ab-4654-847a-d5dfa0a39468",
                  "isHook": false,
                  "skipped": false
                },
                {
                  "title": "A classe `header` deve determinar que o elemento é um flex container",
                  "fullTitle": "Trybewarts 1 - Crie uma barra verde na parte superior da página A classe `header` deve determinar que o elemento é um flex container",
                  "timedOut": null,
                  "duration": 525,
                  "state": "passed",
                  "speed": "fast",
                  "pass": true,
                  "fail": false,
                  "pending": false,
                  "context": null,
                  "code": "cy.get(TOP_BAR_SELECTOR).should('have.css', 'display', 'flex');",
                  "err": {},
                  "uuid": "029ba5c9-a70e-40ff-8943-aa7ce04b2812",
                  "parentUUID": "33a81ef9-52ab-4654-847a-d5dfa0a39468",
                  "isHook": false,
                  "skipped": false
                },
                {
                  "title": "A classe header deve possuir a propriedade `background-color: rgb(50, 167, 145)`",
                  "fullTitle": "Trybewarts 1 - Crie uma barra verde na parte superior da página A classe header deve possuir a propriedade `background-color: rgb(50, 167, 145)`",
                  "timedOut": null,
                  "duration": 214,
                  "state": "passed",
                  "speed": "fast",
                  "pass": true,
                  "fail": false,
                  "pending": false,
                  "context": null,
                  "code": "cy.get(TOP_BAR_SELECTOR).should('have.css', 'background-color', 'rgb(50, 167, 145)');",
                  "err": {},
                  "uuid": "6a8c729d-52a6-45ca-8d06-9fd3d341bbc5",
                  "parentUUID": "33a81ef9-52ab-4654-847a-d5dfa0a39468",
                  "isHook": false,
                  "skipped": false
                }
              ],
              "suites": [],
              "passes": [
                "81b64998-44db-478d-8e7a-1b0d74b89255",
                "029ba5c9-a70e-40ff-8943-aa7ce04b2812",
                "6a8c729d-52a6-45ca-8d06-9fd3d341bbc5"
              ],
              "failures": [],
              "pending": [],
              "skipped": [],
              "duration": 2606,
              "root": false,
              "rootEmpty": false,
              "_timeout": 2000
            },
            {
              "uuid": "cceda5d0-102a-41f1-bfbc-966028662077",
              "title": "2 - Adicione o logotipo da Trybewarts",
              "fullFile": "",
              "file": "",
              "beforeHooks": [],
              "afterHooks": [],
              "tests": [
                {
                  "title": "Existe um elemento img com a classe `trybewarts-header-logo`",
                  "fullTitle": "Trybewarts 2 - Adicione o logotipo da Trybewarts Existe um elemento img com a classe `trybewarts-header-logo`",
                  "timedOut": null,
                  "duration": 408,
                  "state": "passed",
                  "speed": "fast",
                  "pass": true,
                  "fail": false,
                  "pending": false,
                  "context": null,
                  "code": "cy.get(TRYBEWARTS_LOGO_SELECTOR).should('exist');",
                  "err": {},
                  "uuid": "37a5200a-dc29-466f-9b6b-3322b2f6f003",
                  "parentUUID": "cceda5d0-102a-41f1-bfbc-966028662077",
                  "isHook": false,
                  "skipped": false
                },
                {
                  "title": "O atributo src do logotipo aponta para images/trybewarts-header-logo.svg",
                  "fullTitle": "Trybewarts 2 - Adicione o logotipo da Trybewarts O atributo src do logotipo aponta para images/trybewarts-header-logo.svg",
                  "timedOut": null,
                  "duration": 153,
                  "state": "passed",
                  "speed": "fast",
                  "pass": true,
                  "fail": false,
                  "pending": false,
                  "context": null,
                  "code": "cy.get(TRYBEWARTS_LOGO_SELECTOR).should('have.attr', 'src').and('match', /images\\/trybewarts-header-logo\\.svg/);",
                  "err": {},
                  "uuid": "c177d786-3c58-4360-aeed-45e7dbc0d848",
                  "parentUUID": "cceda5d0-102a-41f1-bfbc-966028662077",
                  "isHook": false,
                  "skipped": false
                }
              ],
              "suites": [],
              "passes": [
                "37a5200a-dc29-466f-9b6b-3322b2f6f003",
                "c177d786-3c58-4360-aeed-45e7dbc0d848"
              ],
              "failures": [],
              "pending": [],
              "skipped": [],
              "duration": 561,
              "root": false,
              "rootEmpty": false,
              "_timeout": 2000
            },
            {
              "uuid": "d5372f5e-eead-443d-be04-8fe4de16498c",
              "title": "3 - Acrescente um formulário de login dentro do `header`, do lado direito",
              "fullFile": "",
              "file": "",
              "beforeHooks": [],
              "afterHooks": [],
              "tests": [
                {
                  "title": "Existe um formulário com a classe \"trybewarts-login\"",
                  "fullTitle": "Trybewarts 3 - Acrescente um formulário de login dentro do `header`, do lado direito Existe um formulário com a classe \"trybewarts-login\"",
                  "timedOut": null,
                  "duration": 155,
                  "state": "passed",
                  "speed": "fast",
                  "pass": true,
                  "fail": false,
                  "pending": false,
                  "context": null,
                  "code": "cy.get(TRYBEWARTS_LOGIN_FORM_SELECTOR).should('exist');",
                  "err": {},
                  "uuid": "34091522-392e-4e1d-b76f-85d39ef825d6",
                  "parentUUID": "d5372f5e-eead-443d-be04-8fe4de16498c",
                  "isHook": false,
                  "skipped": false
                },
                {
                  "title": "Existe um input com o atributo name igual a \"email\" e o placeholder igual a \"Email\"",
                  "fullTitle": "Trybewarts 3 - Acrescente um formulário de login dentro do `header`, do lado direito Existe um input com o atributo name igual a \"email\" e o placeholder igual a \"Email\"",
                  "timedOut": null,
                  "duration": 162,
                  "state": "passed",
                  "speed": "fast",
                  "pass": true,
                  "fail": false,
                  "pending": false,
                  "context": null,
                  "code": "cy.get(`${TRYBEWARTS_LOGIN_FORM_SELECTOR} input[name=email]`).should('have.attr', 'placeholder').and('match', /Email/);",
                  "err": {},
                  "uuid": "1b181005-0474-4907-a2ee-88b2ff7dd721",
                  "parentUUID": "d5372f5e-eead-443d-be04-8fe4de16498c",
                  "isHook": false,
                  "skipped": false
                },
                {
                  "title": "Existe um input com o atributo name igual a \"password\" e o placeholder igual a \"Senha\"",
                  "fullTitle": "Trybewarts 3 - Acrescente um formulário de login dentro do `header`, do lado direito Existe um input com o atributo name igual a \"password\" e o placeholder igual a \"Senha\"",
                  "timedOut": null,
                  "duration": 126,
                  "state": "passed",
                  "speed": "fast",
                  "pass": true,
                  "fail": false,
                  "pending": false,
                  "context": null,
                  "code": "cy.get(`${TRYBEWARTS_LOGIN_FORM_SELECTOR} input[name=password]`).should('have.attr', 'placeholder').and('match', /Senha/);",
                  "err": {},
                  "uuid": "1c3b65c5-daac-4bf0-9e1f-b1b7eebf17fb",
                  "parentUUID": "d5372f5e-eead-443d-be04-8fe4de16498c",
                  "isHook": false,
                  "skipped": false
                },
                {
                  "title": "Existe um botão que contém o texto \"Entrar\"",
                  "fullTitle": "Trybewarts 3 - Acrescente um formulário de login dentro do `header`, do lado direito Existe um botão que contém o texto \"Entrar\"",
                  "timedOut": null,
                  "duration": 192,
                  "state": "passed",
                  "speed": "fast",
                  "pass": true,
                  "fail": false,
                  "pending": false,
                  "context": null,
                  "code": "cy.get(`${TRYBEWARTS_LOGIN_FORM_SELECTOR} button`).should('have.text', 'Entrar');",
                  "err": {},
                  "uuid": "2a79a667-9854-4eea-b507-5cb273c02649",
                  "parentUUID": "d5372f5e-eead-443d-be04-8fe4de16498c",
                  "isHook": false,
                  "skipped": false
                },
                {
                  "title": "O formulário é um flex container",
                  "fullTitle": "Trybewarts 3 - Acrescente um formulário de login dentro do `header`, do lado direito O formulário é um flex container",
                  "timedOut": null,
                  "duration": 145,
                  "state": "passed",
                  "speed": "fast",
                  "pass": true,
                  "fail": false,
                  "pending": false,
                  "context": null,
                  "code": "cy.get(TRYBEWARTS_LOGIN_FORM_SELECTOR).should('have.css', 'display', 'flex');",
                  "err": {},
                  "uuid": "365d1f1b-6aab-46af-8ece-ec7d1f3180b3",
                  "parentUUID": "d5372f5e-eead-443d-be04-8fe4de16498c",
                  "isHook": false,
                  "skipped": false
                },
                {
                  "title": "O formulário deve estar a direita da logo",
                  "fullTitle": "Trybewarts 3 - Acrescente um formulário de login dentro do `header`, do lado direito O formulário deve estar a direita da logo",
                  "timedOut": null,
                  "duration": 114,
                  "state": "passed",
                  "speed": "fast",
                  "pass": true,
                  "fail": false,
                  "pending": false,
                  "context": null,
                  "code": "cy.get(TRYBEWARTS_LOGIN_FORM_SELECTOR).should('be.rightOf', TRYBEWARTS_LOGO_SELECTOR);",
                  "err": {},
                  "uuid": "e37b5c37-40c6-401a-8e2a-058817eedea7",
                  "parentUUID": "d5372f5e-eead-443d-be04-8fe4de16498c",
                  "isHook": false,
                  "skipped": false
                },
                {
                  "title": "Ao clicar no botão com login ou senha válidos, emite um alerta contendo o texto \"Olá, Tryber!\"",
                  "fullTitle": "Trybewarts 3 - Acrescente um formulário de login dentro do `header`, do lado direito Ao clicar no botão com login ou senha válidos, emite um alerta contendo o texto \"Olá, Tryber!\"",
                  "timedOut": null,
                  "duration": 1321,
                  "state": "passed",
                  "speed": "fast",
                  "pass": true,
                  "fail": false,
                  "pending": false,
                  "context": null,
                  "code": "const stub = cy.stub();\ncy.on('window:alert', stub);\ncy.get(`${TRYBEWARTS_LOGIN_FORM_SELECTOR} input[name=email]`).type('tryber@teste.com');\ncy.get(`${TRYBEWARTS_LOGIN_FORM_SELECTOR} input[name=password]`).type('123456');\ncy.get(`${TRYBEWARTS_LOGIN_FORM_SELECTOR} button`).click().then(() => {\n  expect(stub.getCall(0)).to.be.calledWith('Olá, Tryber!');\n});",
                  "err": {},
                  "uuid": "ba26e4d0-de8b-4c6a-8da0-7ed4a661ce76",
                  "parentUUID": "d5372f5e-eead-443d-be04-8fe4de16498c",
                  "isHook": false,
                  "skipped": false
                },
                {
                  "title": "Ao clicar no botão com email ou senha inválidos, emite um alerta contendo o texto \"Email ou senha inválidos.\"",
                  "fullTitle": "Trybewarts 3 - Acrescente um formulário de login dentro do `header`, do lado direito Ao clicar no botão com email ou senha inválidos, emite um alerta contendo o texto \"Email ou senha inválidos.\"",
                  "timedOut": null,
                  "duration": 330,
                  "state": "passed",
                  "speed": "fast",
                  "pass": true,
                  "fail": false,
                  "pending": false,
                  "context": null,
                  "code": "const stub = cy.stub();\ncy.on('window:alert', stub);\ncy.get(`${TRYBEWARTS_LOGIN_FORM_SELECTOR} button`).click().then(() => {\n  expect(stub.getCall(0)).to.be.calledWith('Email ou senha inválidos.');\n});",
                  "err": {},
                  "uuid": "d7a3762f-f0ac-42e1-a74b-9ab5129e5023",
                  "parentUUID": "d5372f5e-eead-443d-be04-8fe4de16498c",
                  "isHook": false,
                  "skipped": false
                }
              ],
              "suites": [],
              "passes": [
                "34091522-392e-4e1d-b76f-85d39ef825d6",
                "1b181005-0474-4907-a2ee-88b2ff7dd721",
                "1c3b65c5-daac-4bf0-9e1f-b1b7eebf17fb",
                "2a79a667-9854-4eea-b507-5cb273c02649",
                "365d1f1b-6aab-46af-8ece-ec7d1f3180b3",
                "e37b5c37-40c6-401a-8e2a-058817eedea7",
                "ba26e4d0-de8b-4c6a-8da0-7ed4a661ce76",
                "d7a3762f-f0ac-42e1-a74b-9ab5129e5023"
              ],
              "failures": [],
              "pending": [],
              "skipped": [],
              "duration": 2545,
              "root": false,
              "rootEmpty": false,
              "_timeout": 2000
            },
            {
              "uuid": "4a0cad68-d960-48fb-96d0-df9c7619bb4a",
              "title": "4 - Crie um título com o texto \"Trybewarts\" centralizado dentro do `header`",
              "fullFile": "",
              "file": "",
              "beforeHooks": [],
              "afterHooks": [],
              "tests": [
                {
                  "title": "Existe um elemento h1 com o id \"trybewarts-header-title\" e texto \"Trybewarts",
                  "fullTitle": "Trybewarts 4 - Crie um título com o texto \"Trybewarts\" centralizado dentro do `header` Existe um elemento h1 com o id \"trybewarts-header-title\" e texto \"Trybewarts",
                  "timedOut": null,
                  "duration": 125,
                  "state": "passed",
                  "speed": "fast",
                  "pass": true,
                  "fail": false,
                  "pending": false,
                  "context": null,
                  "code": "cy.get(TRYBEWARTS_HEADER_TITLE).should('exist').and('have.text', 'Trybewarts');",
                  "err": {},
                  "uuid": "da1956a8-de07-413c-8edf-e5b81e3df9aa",
                  "parentUUID": "4a0cad68-d960-48fb-96d0-df9c7619bb4a",
                  "isHook": false,
                  "skipped": false
                },
                {
                  "title": "O header deve ter exatamente três elementos filhos",
                  "fullTitle": "Trybewarts 4 - Crie um título com o texto \"Trybewarts\" centralizado dentro do `header` O header deve ter exatamente três elementos filhos",
                  "timedOut": null,
                  "duration": 110,
                  "state": "passed",
                  "speed": "fast",
                  "pass": true,
                  "fail": false,
                  "pending": false,
                  "context": null,
                  "code": "cy.get(TOP_BAR_SELECTOR).children().should('have.length', 3);",
                  "err": {},
                  "uuid": "fee19d37-5731-448b-a0a0-37008c937e93",
                  "parentUUID": "4a0cad68-d960-48fb-96d0-df9c7619bb4a",
                  "isHook": false,
                  "skipped": false
                },
                {
                  "title": "O filho do meio deve ser o título",
                  "fullTitle": "Trybewarts 4 - Crie um título com o texto \"Trybewarts\" centralizado dentro do `header` O filho do meio deve ser o título",
                  "timedOut": null,
                  "duration": 121,
                  "state": "passed",
                  "speed": "fast",
                  "pass": true,
                  "fail": false,
                  "pending": false,
                  "context": null,
                  "code": "cy.get(TOP_BAR_SELECTOR).children().eq(1).should('match', TRYBEWARTS_HEADER_TITLE);",
                  "err": {},
                  "uuid": "4a2b2c40-5580-4b34-a87f-9c539c2b5787",
                  "parentUUID": "4a0cad68-d960-48fb-96d0-df9c7619bb4a",
                  "isHook": false,
                  "skipped": false
                }
              ],
              "suites": [],
              "passes": [
                "da1956a8-de07-413c-8edf-e5b81e3df9aa",
                "fee19d37-5731-448b-a0a0-37008c937e93",
                "4a2b2c40-5580-4b34-a87f-9c539c2b5787"
              ],
              "failures": [],
              "pending": [],
              "skipped": [],
              "duration": 356,
              "root": false,
              "rootEmpty": false,
              "_timeout": 2000
            },
            {
              "uuid": "fa1f1171-ef26-4d14-901a-0d6d041096c9",
              "title": "5 - Adicione um formulário no corpo da página",
              "fullFile": "",
              "file": "",
              "beforeHooks": [],
              "afterHooks": [],
              "tests": [
                {
                  "title": "Existe um formulário com o id `evaluation-form`",
                  "fullTitle": "Trybewarts 5 - Adicione um formulário no corpo da página Existe um formulário com o id `evaluation-form`",
                  "timedOut": null,
                  "duration": 94,
                  "state": "passed",
                  "speed": "fast",
                  "pass": true,
                  "fail": false,
                  "pending": false,
                  "context": null,
                  "code": "cy.get(EVALUATION_FORM).should('exist');",
                  "err": {},
                  "uuid": "630c36f7-b301-456e-9459-edfe2a04181f",
                  "parentUUID": "fa1f1171-ef26-4d14-901a-0d6d041096c9",
                  "isHook": false,
                  "skipped": false
                },
                {
                  "title": "O formulário está inserido dentro de uma tag `main`",
                  "fullTitle": "Trybewarts 5 - Adicione um formulário no corpo da página O formulário está inserido dentro de uma tag `main`",
                  "timedOut": null,
                  "duration": 96,
                  "state": "passed",
                  "speed": "fast",
                  "pass": true,
                  "fail": false,
                  "pending": false,
                  "context": null,
                  "code": "cy.get(`main ${EVALUATION_FORM}`).should('exist');",
                  "err": {},
                  "uuid": "2faeae2e-934d-4340-9e95-a2a72a22d1b0",
                  "parentUUID": "fa1f1171-ef26-4d14-901a-0d6d041096c9",
                  "isHook": false,
                  "skipped": false
                },
                {
                  "title": "O elemento main é um flex-container",
                  "fullTitle": "Trybewarts 5 - Adicione um formulário no corpo da página O elemento main é um flex-container",
                  "timedOut": null,
                  "duration": 193,
                  "state": "passed",
                  "speed": "fast",
                  "pass": true,
                  "fail": false,
                  "pending": false,
                  "context": null,
                  "code": "cy.get('main').should('have.css', 'display', 'flex');",
                  "err": {},
                  "uuid": "59d1493d-85c0-468d-b69d-d2421e7798eb",
                  "parentUUID": "fa1f1171-ef26-4d14-901a-0d6d041096c9",
                  "isHook": false,
                  "skipped": false
                },
                {
                  "title": "O formulário é um flex-container",
                  "fullTitle": "Trybewarts 5 - Adicione um formulário no corpo da página O formulário é um flex-container",
                  "timedOut": null,
                  "duration": 104,
                  "state": "passed",
                  "speed": "fast",
                  "pass": true,
                  "fail": false,
                  "pending": false,
                  "context": null,
                  "code": "cy.get(EVALUATION_FORM).should('have.css', 'display', 'flex');",
                  "err": {},
                  "uuid": "efb74edd-8c5c-43dc-bbeb-9f1fd86258c4",
                  "parentUUID": "fa1f1171-ef26-4d14-901a-0d6d041096c9",
                  "isHook": false,
                  "skipped": false
                },
                {
                  "title": "O formulário tem a largura igual a 675px",
                  "fullTitle": "Trybewarts 5 - Adicione um formulário no corpo da página O formulário tem a largura igual a 675px",
                  "timedOut": null,
                  "duration": 108,
                  "state": "passed",
                  "speed": "fast",
                  "pass": true,
                  "fail": false,
                  "pending": false,
                  "context": null,
                  "code": "cy.get(EVALUATION_FORM).should('have.css', 'width', '675px');",
                  "err": {},
                  "uuid": "62e094e6-ab78-4c37-82bf-cd13e7b7ee07",
                  "parentUUID": "fa1f1171-ef26-4d14-901a-0d6d041096c9",
                  "isHook": false,
                  "skipped": false
                }
              ],
              "suites": [],
              "passes": [
                "630c36f7-b301-456e-9459-edfe2a04181f",
                "2faeae2e-934d-4340-9e95-a2a72a22d1b0",
                "59d1493d-85c0-468d-b69d-d2421e7798eb",
                "efb74edd-8c5c-43dc-bbeb-9f1fd86258c4",
                "62e094e6-ab78-4c37-82bf-cd13e7b7ee07"
              ],
              "failures": [],
              "pending": [],
              "skipped": [],
              "duration": 595,
              "root": false,
              "rootEmpty": false,
              "_timeout": 2000
            },
            {
              "uuid": "b74b06b6-e5a8-4ba1-b427-2da1bd51c085",
              "title": "6 - Faça com que o formulário se estabeleça na direção vertical",
              "fullFile": "",
              "file": "",
              "beforeHooks": [],
              "afterHooks": [],
              "tests": [
                {
                  "title": "O eixo principal do formulário com id \"evaluation-form\" é vertical",
                  "fullTitle": "Trybewarts 6 - Faça com que o formulário se estabeleça na direção vertical O eixo principal do formulário com id \"evaluation-form\" é vertical",
                  "timedOut": null,
                  "duration": 100,
                  "state": "passed",
                  "speed": "fast",
                  "pass": true,
                  "fail": false,
                  "pending": false,
                  "context": null,
                  "code": "cy.get(EVALUATION_FORM).should('have.css', 'flex-direction', 'column');",
                  "err": {},
                  "uuid": "ad6f9541-1aa1-4461-8a0e-98c406b16f0a",
                  "parentUUID": "b74b06b6-e5a8-4ba1-b427-2da1bd51c085",
                  "isHook": false,
                  "skipped": false
                }
              ],
              "suites": [],
              "passes": [
                "ad6f9541-1aa1-4461-8a0e-98c406b16f0a"
              ],
              "failures": [],
              "pending": [],
              "skipped": [],
              "duration": 100,
              "root": false,
              "rootEmpty": false,
              "_timeout": 2000
            },
            {
              "uuid": "46b54b83-5f88-48db-bafa-b28bfbbfd738",
              "title": "7 - Adicione a logo da Trybewarts no lado direito da página",
              "fullFile": "",
              "file": "",
              "beforeHooks": [],
              "afterHooks": [],
              "tests": [
                {
                  "title": "Possui o id trybewarts-forms-logo",
                  "fullTitle": "Trybewarts 7 - Adicione a logo da Trybewarts no lado direito da página Possui o id trybewarts-forms-logo",
                  "timedOut": null,
                  "duration": 186,
                  "state": "passed",
                  "speed": "fast",
                  "pass": true,
                  "fail": false,
                  "pending": false,
                  "context": null,
                  "code": "cy.get(TRYBEWARTS_LOGO_FORMS_SELECTOR).should('exist');",
                  "err": {},
                  "uuid": "04fe9a27-0d13-4948-bf20-6570b5a8f6d1",
                  "parentUUID": "46b54b83-5f88-48db-bafa-b28bfbbfd738",
                  "isHook": false,
                  "skipped": false
                },
                {
                  "title": "O atributo `src` do logotipo aponta para `images/trybewarts-colored.svg`",
                  "fullTitle": "Trybewarts 7 - Adicione a logo da Trybewarts no lado direito da página O atributo `src` do logotipo aponta para `images/trybewarts-colored.svg`",
                  "timedOut": null,
                  "duration": 136,
                  "state": "passed",
                  "speed": "fast",
                  "pass": true,
                  "fail": false,
                  "pending": false,
                  "context": null,
                  "code": "cy.get(TRYBEWARTS_LOGO_FORMS_SELECTOR).should('have.attr', 'src').and('match', /images\\/trybewarts-colored\\.svg/);",
                  "err": {},
                  "uuid": "18e7a4e8-b62c-4f56-8c31-c1f9ebdafdf1",
                  "parentUUID": "46b54b83-5f88-48db-bafa-b28bfbbfd738",
                  "isHook": false,
                  "skipped": false
                },
                {
                  "title": "A imagem deve possuir um `height` de `500px`",
                  "fullTitle": "Trybewarts 7 - Adicione a logo da Trybewarts no lado direito da página A imagem deve possuir um `height` de `500px`",
                  "timedOut": null,
                  "duration": 96,
                  "state": "passed",
                  "speed": "fast",
                  "pass": true,
                  "fail": false,
                  "pending": false,
                  "context": null,
                  "code": "cy.get(TRYBEWARTS_LOGO_FORMS_SELECTOR).should('have.css', 'height', '500px');",
                  "err": {},
                  "uuid": "3562e98f-1740-4f40-a51e-a7e5d513d2d2",
                  "parentUUID": "46b54b83-5f88-48db-bafa-b28bfbbfd738",
                  "isHook": false,
                  "skipped": false
                },
                {
                  "title": "A imagem deve estar posicionada a direita do formulário com id `evaluation-form`",
                  "fullTitle": "Trybewarts 7 - Adicione a logo da Trybewarts no lado direito da página A imagem deve estar posicionada a direita do formulário com id `evaluation-form`",
                  "timedOut": null,
                  "duration": 128,
                  "state": "passed",
                  "speed": "fast",
                  "pass": true,
                  "fail": false,
                  "pending": false,
                  "context": null,
                  "code": "cy.get(TRYBEWARTS_LOGO_FORMS_SELECTOR).should('be.rightOf', EVALUATION_FORM);",
                  "err": {},
                  "uuid": "9dcfdd0b-225a-45d2-b377-6ca354583987",
                  "parentUUID": "46b54b83-5f88-48db-bafa-b28bfbbfd738",
                  "isHook": false,
                  "skipped": false
                }
              ],
              "suites": [],
              "passes": [
                "04fe9a27-0d13-4948-bf20-6570b5a8f6d1",
                "18e7a4e8-b62c-4f56-8c31-c1f9ebdafdf1",
                "3562e98f-1740-4f40-a51e-a7e5d513d2d2",
                "9dcfdd0b-225a-45d2-b377-6ca354583987"
              ],
              "failures": [],
              "pending": [],
              "skipped": [],
              "duration": 546,
              "root": false,
              "rootEmpty": false,
              "_timeout": 2000
            },
            {
              "uuid": "a8a083e9-f9c9-42e1-aa96-65a920dc7af9",
              "title": "8 - Acrescente inputs de `nome`, `sobrenome` e `email` ao formulário",
              "fullFile": "",
              "file": "",
              "beforeHooks": [],
              "afterHooks": [],
              "tests": [
                {
                  "title": "Existe um input com o id \"input-name\" e placeholder \"Nome\"",
                  "fullTitle": "Trybewarts 8 - Acrescente inputs de `nome`, `sobrenome` e `email` ao formulário Existe um input com o id \"input-name\" e placeholder \"Nome\"",
                  "timedOut": null,
                  "duration": 109,
                  "state": "passed",
                  "speed": "fast",
                  "pass": true,
                  "fail": false,
                  "pending": false,
                  "context": null,
                  "code": "cy.get(`input#${id}`).should('exist').and('have.attr', 'placeholder', placeholder);",
                  "err": {},
                  "uuid": "d3c68d83-ece1-4bdc-8b3e-e22632838cd2",
                  "parentUUID": "a8a083e9-f9c9-42e1-aa96-65a920dc7af9",
                  "isHook": false,
                  "skipped": false
                },
                {
                  "title": "Existe um input com o id \"input-lastname\" e placeholder \"Sobrenome\"",
                  "fullTitle": "Trybewarts 8 - Acrescente inputs de `nome`, `sobrenome` e `email` ao formulário Existe um input com o id \"input-lastname\" e placeholder \"Sobrenome\"",
                  "timedOut": null,
                  "duration": 105,
                  "state": "passed",
                  "speed": "fast",
                  "pass": true,
                  "fail": false,
                  "pending": false,
                  "context": null,
                  "code": "cy.get(`input#${id}`).should('exist').and('have.attr', 'placeholder', placeholder);",
                  "err": {},
                  "uuid": "266a2bfe-c67e-4fd6-901e-a7ed67fdb874",
                  "parentUUID": "a8a083e9-f9c9-42e1-aa96-65a920dc7af9",
                  "isHook": false,
                  "skipped": false
                },
                {
                  "title": "Existe um input com o id \"input-email\" e placeholder \"Email\"",
                  "fullTitle": "Trybewarts 8 - Acrescente inputs de `nome`, `sobrenome` e `email` ao formulário Existe um input com o id \"input-email\" e placeholder \"Email\"",
                  "timedOut": null,
                  "duration": 145,
                  "state": "passed",
                  "speed": "fast",
                  "pass": true,
                  "fail": false,
                  "pending": false,
                  "context": null,
                  "code": "cy.get(`input#${id}`).should('exist').and('have.attr', 'placeholder', placeholder);",
                  "err": {},
                  "uuid": "6d78d82f-ff2d-4afd-8e26-368a085af2fa",
                  "parentUUID": "a8a083e9-f9c9-42e1-aa96-65a920dc7af9",
                  "isHook": false,
                  "skipped": false
                }
              ],
              "suites": [],
              "passes": [
                "d3c68d83-ece1-4bdc-8b3e-e22632838cd2",
                "266a2bfe-c67e-4fd6-901e-a7ed67fdb874",
                "6d78d82f-ff2d-4afd-8e26-368a085af2fa"
              ],
              "failures": [],
              "pending": [],
              "skipped": [],
              "duration": 359,
              "root": false,
              "rootEmpty": false,
              "_timeout": 2000
            },
            {
              "uuid": "3bea9ec1-fabc-40a1-aeda-c4a4e292f4e7",
              "title": "9 - Acrescente um `select` ao formulário com o `id` `house` contendo as opções `Gitnória`, `Reactpuff`, `Corvinode` e `Pytherina`",
              "fullFile": "",
              "file": "",
              "beforeHooks": [],
              "afterHooks": [],
              "tests": [
                {
                  "title": "Existe uma option com text e value igual a \"Gitnória\" e id igual a \"gitnoria-house\"",
                  "fullTitle": "Trybewarts 9 - Acrescente um `select` ao formulário com o `id` `house` contendo as opções `Gitnória`, `Reactpuff`, `Corvinode` e `Pytherina` Existe uma option com text e value igual a \"Gitnória\" e id igual a \"gitnoria-house\"",
                  "timedOut": null,
                  "duration": 105,
                  "state": "passed",
                  "speed": "fast",
                  "pass": true,
                  "fail": false,
                  "pending": false,
                  "context": null,
                  "code": "cy.get(`${HOUSES_SELECTOR} option#${id}`).then(option => {\n  expect(option).to.have.text(name);\n  expect(option).to.have.value(name);\n});",
                  "err": {},
                  "uuid": "16d7c2fb-e772-4045-ade4-a9da79e1d1d3",
                  "parentUUID": "3bea9ec1-fabc-40a1-aeda-c4a4e292f4e7",
                  "isHook": false,
                  "skipped": false
                },
                {
                  "title": "Existe uma option com text e value igual a \"Reactpuff\" e id igual a \"reactpuff-house\"",
                  "fullTitle": "Trybewarts 9 - Acrescente um `select` ao formulário com o `id` `house` contendo as opções `Gitnória`, `Reactpuff`, `Corvinode` e `Pytherina` Existe uma option com text e value igual a \"Reactpuff\" e id igual a \"reactpuff-house\"",
                  "timedOut": null,
                  "duration": 96,
                  "state": "passed",
                  "speed": "fast",
                  "pass": true,
                  "fail": false,
                  "pending": false,
                  "context": null,
                  "code": "cy.get(`${HOUSES_SELECTOR} option#${id}`).then(option => {\n  expect(option).to.have.text(name);\n  expect(option).to.have.value(name);\n});",
                  "err": {},
                  "uuid": "4317c8f4-d81b-4aef-894c-5dff57d2d714",
                  "parentUUID": "3bea9ec1-fabc-40a1-aeda-c4a4e292f4e7",
                  "isHook": false,
                  "skipped": false
                },
                {
                  "title": "Existe uma option com text e value igual a \"Corvinode\" e id igual a \"corvinode-house\"",
                  "fullTitle": "Trybewarts 9 - Acrescente um `select` ao formulário com o `id` `house` contendo as opções `Gitnória`, `Reactpuff`, `Corvinode` e `Pytherina` Existe uma option com text e value igual a \"Corvinode\" e id igual a \"corvinode-house\"",
                  "timedOut": null,
                  "duration": 93,
                  "state": "passed",
                  "speed": "fast",
                  "pass": true,
                  "fail": false,
                  "pending": false,
                  "context": null,
                  "code": "cy.get(`${HOUSES_SELECTOR} option#${id}`).then(option => {\n  expect(option).to.have.text(name);\n  expect(option).to.have.value(name);\n});",
                  "err": {},
                  "uuid": "f3af76eb-45dd-4d5f-8d2c-518f64e0eff6",
                  "parentUUID": "3bea9ec1-fabc-40a1-aeda-c4a4e292f4e7",
                  "isHook": false,
                  "skipped": false
                },
                {
                  "title": "Existe uma option com text e value igual a \"Pytherina\" e id igual a \"pytherina-house\"",
                  "fullTitle": "Trybewarts 9 - Acrescente um `select` ao formulário com o `id` `house` contendo as opções `Gitnória`, `Reactpuff`, `Corvinode` e `Pytherina` Existe uma option com text e value igual a \"Pytherina\" e id igual a \"pytherina-house\"",
                  "timedOut": null,
                  "duration": 83,
                  "state": "passed",
                  "speed": "fast",
                  "pass": true,
                  "fail": false,
                  "pending": false,
                  "context": null,
                  "code": "cy.get(`${HOUSES_SELECTOR} option#${id}`).then(option => {\n  expect(option).to.have.text(name);\n  expect(option).to.have.value(name);\n});",
                  "err": {},
                  "uuid": "f3566e46-4cc2-48a9-beb1-66c3bcee1332",
                  "parentUUID": "3bea9ec1-fabc-40a1-aeda-c4a4e292f4e7",
                  "isHook": false,
                  "skipped": false
                }
              ],
              "suites": [],
              "passes": [
                "16d7c2fb-e772-4045-ade4-a9da79e1d1d3",
                "4317c8f4-d81b-4aef-894c-5dff57d2d714",
                "f3af76eb-45dd-4d5f-8d2c-518f64e0eff6",
                "f3566e46-4cc2-48a9-beb1-66c3bcee1332"
              ],
              "failures": [],
              "pending": [],
              "skipped": [],
              "duration": 377,
              "root": false,
              "rootEmpty": false,
              "_timeout": 2000
            },
            {
              "uuid": "b8c80785-55ee-435c-8b49-182e3cf7a5ea",
              "title": "10 - Posicione os campos de `Nome` e `Sobrenome` lado a lado",
              "fullFile": "",
              "file": "",
              "beforeHooks": [],
              "afterHooks": [],
              "tests": [
                {
                  "title": "O campo de \"Sobrenome\" está a direita do campo de \"Nome\"",
                  "fullTitle": "Trybewarts 10 - Posicione os campos de `Nome` e `Sobrenome` lado a lado O campo de \"Sobrenome\" está a direita do campo de \"Nome\"",
                  "timedOut": null,
                  "duration": 116,
                  "state": "passed",
                  "speed": "fast",
                  "pass": true,
                  "fail": false,
                  "pending": false,
                  "context": null,
                  "code": "cy.get(USER_LASTNAME_INPUT_SELECTOR).should('be.rightOf', USER_NAME_INPUT_SELECTOR);",
                  "err": {},
                  "uuid": "b6c0af07-9b64-4d00-bd9a-4b430376d7e8",
                  "parentUUID": "b8c80785-55ee-435c-8b49-182e3cf7a5ea",
                  "isHook": false,
                  "skipped": false
                }
              ],
              "suites": [],
              "passes": [
                "b6c0af07-9b64-4d00-bd9a-4b430376d7e8"
              ],
              "failures": [],
              "pending": [],
              "skipped": [],
              "duration": 116,
              "root": false,
              "rootEmpty": false,
              "_timeout": 2000
            },
            {
              "uuid": "efc2ed6c-ce92-4bb5-91ea-a0f6ef6a6d4d",
              "title": "11 - Posicione os campos de `Email` e `Casa` lado a lado",
              "fullFile": "",
              "file": "",
              "beforeHooks": [],
              "afterHooks": [],
              "tests": [
                {
                  "title": "O select das casas está a direita do campo de \"Email\"",
                  "fullTitle": "Trybewarts 11 - Posicione os campos de `Email` e `Casa` lado a lado O select das casas está a direita do campo de \"Email\"",
                  "timedOut": null,
                  "duration": 90,
                  "state": "passed",
                  "speed": "fast",
                  "pass": true,
                  "fail": false,
                  "pending": false,
                  "context": null,
                  "code": "cy.get(HOUSES_SELECTOR).should('be.rightOf', USER_EMAIL_INPUT_SELECTOR);",
                  "err": {},
                  "uuid": "906825a2-3ad5-490e-9f48-59c2989e0a51",
                  "parentUUID": "efc2ed6c-ce92-4bb5-91ea-a0f6ef6a6d4d",
                  "isHook": false,
                  "skipped": false
                }
              ],
              "suites": [],
              "passes": [
                "906825a2-3ad5-490e-9f48-59c2989e0a51"
              ],
              "failures": [],
              "pending": [],
              "skipped": [],
              "duration": 90,
              "root": false,
              "rootEmpty": false,
              "_timeout": 2000
            },
            {
              "uuid": "ad923d41-123a-4118-954f-197be073e2fe",
              "title": "12 - Adicione 3 inputs do tipo `radio` ao formulário",
              "fullFile": "",
              "file": "",
              "beforeHooks": [],
              "afterHooks": [],
              "tests": [
                {
                  "title": "Um elemento com o id \"label-family\" e o texto \"Qual sua família?\" deverá ser criado",
                  "fullTitle": "Trybewarts 12 - Adicione 3 inputs do tipo `radio` ao formulário Um elemento com o id \"label-family\" e o texto \"Qual sua família?\" deverá ser criado",
                  "timedOut": null,
                  "duration": 118,
                  "state": "passed",
                  "speed": "fast",
                  "pass": true,
                  "fail": false,
                  "pending": false,
                  "context": null,
                  "code": "cy.get(`${EVALUATION_FORM} #label-family`).should('have.text', LABEL_FAMILY_TEXT);",
                  "err": {},
                  "uuid": "68b439bf-9cab-4805-ba16-5ee0983076bd",
                  "parentUUID": "ad923d41-123a-4118-954f-197be073e2fe",
                  "isHook": false,
                  "skipped": false
                },
                {
                  "title": "Deverá haver um input do tipo radio, com value igual a \"Frontend\" e name igual a \"family\"",
                  "fullTitle": "Trybewarts 12 - Adicione 3 inputs do tipo `radio` ao formulário Deverá haver um input do tipo radio, com value igual a \"Frontend\" e name igual a \"family\"",
                  "timedOut": null,
                  "duration": 117,
                  "state": "passed",
                  "speed": "fast",
                  "pass": true,
                  "fail": false,
                  "pending": false,
                  "context": null,
                  "code": "cy.get(`input[value=${family}]`).should('exist').and('have.attr', 'type', 'radio').and('have.attr', 'name', 'family');",
                  "err": {},
                  "uuid": "330cdd47-0dae-4f9e-bedf-792216690144",
                  "parentUUID": "ad923d41-123a-4118-954f-197be073e2fe",
                  "isHook": false,
                  "skipped": false
                },
                {
                  "title": "Deverá haver um input do tipo radio, com value igual a \"Backend\" e name igual a \"family\"",
                  "fullTitle": "Trybewarts 12 - Adicione 3 inputs do tipo `radio` ao formulário Deverá haver um input do tipo radio, com value igual a \"Backend\" e name igual a \"family\"",
                  "timedOut": null,
                  "duration": 120,
                  "state": "passed",
                  "speed": "fast",
                  "pass": true,
                  "fail": false,
                  "pending": false,
                  "context": null,
                  "code": "cy.get(`input[value=${family}]`).should('exist').and('have.attr', 'type', 'radio').and('have.attr', 'name', 'family');",
                  "err": {},
                  "uuid": "175e8ae5-40f1-4076-9671-82b86aecaf69",
                  "parentUUID": "ad923d41-123a-4118-954f-197be073e2fe",
                  "isHook": false,
                  "skipped": false
                },
                {
                  "title": "Deverá haver um input do tipo radio, com value igual a \"FullStack\" e name igual a \"family\"",
                  "fullTitle": "Trybewarts 12 - Adicione 3 inputs do tipo `radio` ao formulário Deverá haver um input do tipo radio, com value igual a \"FullStack\" e name igual a \"family\"",
                  "timedOut": null,
                  "duration": 96,
                  "state": "passed",
                  "speed": "fast",
                  "pass": true,
                  "fail": false,
                  "pending": false,
                  "context": null,
                  "code": "cy.get(`input[value=${family}]`).should('exist').and('have.attr', 'type', 'radio').and('have.attr', 'name', 'family');",
                  "err": {},
                  "uuid": "e740e2df-1c3c-4eaa-8696-483e79f96344",
                  "parentUUID": "ad923d41-123a-4118-954f-197be073e2fe",
                  "isHook": false,
                  "skipped": false
                },
                {
                  "title": "Posicione os radio buttons para ficar abaixo um do outro, na sequência \"Frontend\", \"Backend\" e \"Fullstack\"",
                  "fullTitle": "Trybewarts 12 - Adicione 3 inputs do tipo `radio` ao formulário Posicione os radio buttons para ficar abaixo um do outro, na sequência \"Frontend\", \"Backend\" e \"Fullstack\"",
                  "timedOut": null,
                  "duration": 101,
                  "state": "passed",
                  "speed": "fast",
                  "pass": true,
                  "fail": false,
                  "pending": false,
                  "context": null,
                  "code": "cy.get('input[value=\"Backend\"]').should('be.below', 'input[value=\"Frontend\"]');\ncy.get('input[value=\"FullStack\"]').should('be.below', 'input[value=\"Backend\"]');",
                  "err": {},
                  "uuid": "05b2f18b-4009-4bfd-b048-3b129105cba2",
                  "parentUUID": "ad923d41-123a-4118-954f-197be073e2fe",
                  "isHook": false,
                  "skipped": false
                },
                {
                  "title": "Posicione os radio buttons abaixo do label com id \"label-family\"",
                  "fullTitle": "Trybewarts 12 - Adicione 3 inputs do tipo `radio` ao formulário Posicione os radio buttons abaixo do label com id \"label-family\"",
                  "timedOut": null,
                  "duration": 92,
                  "state": "passed",
                  "speed": "fast",
                  "pass": true,
                  "fail": false,
                  "pending": false,
                  "context": null,
                  "code": "FAMILIES.forEach(family => {\n  cy.get(`input[value=\"${family}\"]`).should('be.below', '#label-family');\n});",
                  "err": {},
                  "uuid": "c0f635c1-47fd-46bd-923a-399032634efb",
                  "parentUUID": "ad923d41-123a-4118-954f-197be073e2fe",
                  "isHook": false,
                  "skipped": false
                }
              ],
              "suites": [],
              "passes": [
                "68b439bf-9cab-4805-ba16-5ee0983076bd",
                "330cdd47-0dae-4f9e-bedf-792216690144",
                "175e8ae5-40f1-4076-9671-82b86aecaf69",
                "e740e2df-1c3c-4eaa-8696-483e79f96344",
                "05b2f18b-4009-4bfd-b048-3b129105cba2",
                "c0f635c1-47fd-46bd-923a-399032634efb"
              ],
              "failures": [],
              "pending": [],
              "skipped": [],
              "duration": 644,
              "root": false,
              "rootEmpty": false,
              "_timeout": 2000
            },
            {
              "uuid": "61b534ba-f7c2-486a-aa67-342237ee82e5",
              "title": "13 - Crie 6 inputs do tipo `checkbox`",
              "fullFile": "",
              "file": "",
              "beforeHooks": [],
              "afterHooks": [],
              "tests": [
                {
                  "title": "Existe um elemento com o id \"label-content\" e o texto \"Qual conteúdo você está com mais vontade de aprender?\"",
                  "fullTitle": "Trybewarts 13 - Crie 6 inputs do tipo `checkbox` Existe um elemento com o id \"label-content\" e o texto \"Qual conteúdo você está com mais vontade de aprender?\"",
                  "timedOut": null,
                  "duration": 96,
                  "state": "passed",
                  "speed": "fast",
                  "pass": true,
                  "fail": false,
                  "pending": false,
                  "context": null,
                  "code": "cy.get('#label-content').contains(LABEL_CONTENT_TEXT);",
                  "err": {},
                  "uuid": "c45acd20-8c92-4b45-9d0b-d48d908d9e14",
                  "parentUUID": "61b534ba-f7c2-486a-aa67-342237ee82e5",
                  "isHook": false,
                  "skipped": false
                },
                {
                  "title": "Existe uma checkbox com a classe \"subject\" e value igual a HoFs",
                  "fullTitle": "Trybewarts 13 - Crie 6 inputs do tipo `checkbox` Existe uma checkbox com a classe \"subject\" e value igual a HoFs",
                  "timedOut": null,
                  "duration": 90,
                  "state": "passed",
                  "speed": "fast",
                  "pass": true,
                  "fail": false,
                  "pending": false,
                  "context": null,
                  "code": "cy.get(`${EVALUATION_FORM} input[value=${checkbox}]`).should('exist').and('have.class', 'subject');",
                  "err": {},
                  "uuid": "5c8927bf-e967-4e6b-af82-8ab4fe3e6002",
                  "parentUUID": "61b534ba-f7c2-486a-aa67-342237ee82e5",
                  "isHook": false,
                  "skipped": false
                },
                {
                  "title": "Existe uma checkbox com a classe \"subject\" e value igual a Jest",
                  "fullTitle": "Trybewarts 13 - Crie 6 inputs do tipo `checkbox` Existe uma checkbox com a classe \"subject\" e value igual a Jest",
                  "timedOut": null,
                  "duration": 98,
                  "state": "passed",
                  "speed": "fast",
                  "pass": true,
                  "fail": false,
                  "pending": false,
                  "context": null,
                  "code": "cy.get(`${EVALUATION_FORM} input[value=${checkbox}]`).should('exist').and('have.class', 'subject');",
                  "err": {},
                  "uuid": "88f859b1-c3ce-4c2f-97d0-ccf8093be675",
                  "parentUUID": "61b534ba-f7c2-486a-aa67-342237ee82e5",
                  "isHook": false,
                  "skipped": false
                },
                {
                  "title": "Existe uma checkbox com a classe \"subject\" e value igual a Promises",
                  "fullTitle": "Trybewarts 13 - Crie 6 inputs do tipo `checkbox` Existe uma checkbox com a classe \"subject\" e value igual a Promises",
                  "timedOut": null,
                  "duration": 98,
                  "state": "passed",
                  "speed": "fast",
                  "pass": true,
                  "fail": false,
                  "pending": false,
                  "context": null,
                  "code": "cy.get(`${EVALUATION_FORM} input[value=${checkbox}]`).should('exist').and('have.class', 'subject');",
                  "err": {},
                  "uuid": "7d05e4e5-50ab-4c8f-b68c-cfc6054b1817",
                  "parentUUID": "61b534ba-f7c2-486a-aa67-342237ee82e5",
                  "isHook": false,
                  "skipped": false
                },
                {
                  "title": "Existe uma checkbox com a classe \"subject\" e value igual a React",
                  "fullTitle": "Trybewarts 13 - Crie 6 inputs do tipo `checkbox` Existe uma checkbox com a classe \"subject\" e value igual a React",
                  "timedOut": null,
                  "duration": 114,
                  "state": "passed",
                  "speed": "fast",
                  "pass": true,
                  "fail": false,
                  "pending": false,
                  "context": null,
                  "code": "cy.get(`${EVALUATION_FORM} input[value=${checkbox}]`).should('exist').and('have.class', 'subject');",
                  "err": {},
                  "uuid": "e3ec4c38-81f0-40fe-899f-3c49985ef6ad",
                  "parentUUID": "61b534ba-f7c2-486a-aa67-342237ee82e5",
                  "isHook": false,
                  "skipped": false
                },
                {
                  "title": "Existe uma checkbox com a classe \"subject\" e value igual a SQL",
                  "fullTitle": "Trybewarts 13 - Crie 6 inputs do tipo `checkbox` Existe uma checkbox com a classe \"subject\" e value igual a SQL",
                  "timedOut": null,
                  "duration": 105,
                  "state": "passed",
                  "speed": "fast",
                  "pass": true,
                  "fail": false,
                  "pending": false,
                  "context": null,
                  "code": "cy.get(`${EVALUATION_FORM} input[value=${checkbox}]`).should('exist').and('have.class', 'subject');",
                  "err": {},
                  "uuid": "151fa6d3-fe08-4948-b888-f514cf24d5d5",
                  "parentUUID": "61b534ba-f7c2-486a-aa67-342237ee82e5",
                  "isHook": false,
                  "skipped": false
                },
                {
                  "title": "Existe uma checkbox com a classe \"subject\" e value igual a Python",
                  "fullTitle": "Trybewarts 13 - Crie 6 inputs do tipo `checkbox` Existe uma checkbox com a classe \"subject\" e value igual a Python",
                  "timedOut": null,
                  "duration": 114,
                  "state": "passed",
                  "speed": "fast",
                  "pass": true,
                  "fail": false,
                  "pending": false,
                  "context": null,
                  "code": "cy.get(`${EVALUATION_FORM} input[value=${checkbox}]`).should('exist').and('have.class', 'subject');",
                  "err": {},
                  "uuid": "582f866f-6142-44b5-bbef-c739f7ca786d",
                  "parentUUID": "61b534ba-f7c2-486a-aa67-342237ee82e5",
                  "isHook": false,
                  "skipped": false
                },
                {
                  "title": "As checkboxes estão posicionadas abaixo do label com id \"label-content\"",
                  "fullTitle": "Trybewarts 13 - Crie 6 inputs do tipo `checkbox` As checkboxes estão posicionadas abaixo do label com id \"label-content\"",
                  "timedOut": null,
                  "duration": 177,
                  "state": "passed",
                  "speed": "fast",
                  "pass": true,
                  "fail": false,
                  "pending": false,
                  "context": null,
                  "code": "CHECKBOXES.forEach(checkbox => {\n  cy.get(`${EVALUATION_FORM} input[value=${checkbox}]`).should('be.below', `${EVALUATION_FORM} #label-content`);\n});",
                  "err": {},
                  "uuid": "e0ecdb81-d07f-4c70-9f1f-a6733e56b6ab",
                  "parentUUID": "61b534ba-f7c2-486a-aa67-342237ee82e5",
                  "isHook": false,
                  "skipped": false
                }
              ],
              "suites": [],
              "passes": [
                "c45acd20-8c92-4b45-9d0b-d48d908d9e14",
                "5c8927bf-e967-4e6b-af82-8ab4fe3e6002",
                "88f859b1-c3ce-4c2f-97d0-ccf8093be675",
                "7d05e4e5-50ab-4c8f-b68c-cfc6054b1817",
                "e3ec4c38-81f0-40fe-899f-3c49985ef6ad",
                "151fa6d3-fe08-4948-b888-f514cf24d5d5",
                "582f866f-6142-44b5-bbef-c739f7ca786d",
                "e0ecdb81-d07f-4c70-9f1f-a6733e56b6ab"
              ],
              "failures": [],
              "pending": [],
              "skipped": [],
              "duration": 892,
              "root": false,
              "rootEmpty": false,
              "_timeout": 2000
            },
            {
              "uuid": "bc329e01-2815-441a-b413-95a67669fa16",
              "title": "14 - Crie um campo de entrada para avaliar de 1 a 10 o nível de satisfação com a Trybewarts",
              "fullFile": "",
              "file": "",
              "beforeHooks": [],
              "afterHooks": [],
              "tests": [
                {
                  "title": "Um elemento com o id label-rate e o texto \"Como você avalia a Trybewarts?\" deverá ser criado",
                  "fullTitle": "Trybewarts 14 - Crie um campo de entrada para avaliar de 1 a 10 o nível de satisfação com a Trybewarts Um elemento com o id label-rate e o texto \"Como você avalia a Trybewarts?\" deverá ser criado",
                  "timedOut": null,
                  "duration": 103,
                  "state": "passed",
                  "speed": "fast",
                  "pass": true,
                  "fail": false,
                  "pending": false,
                  "context": null,
                  "code": "cy.get('#label-rate').contains(LABEL_RATE_TEXT);",
                  "err": {},
                  "uuid": "c325a319-9555-4f2e-9628-2041f2e56e33",
                  "parentUUID": "bc329e01-2815-441a-b413-95a67669fa16",
                  "isHook": false,
                  "skipped": false
                },
                {
                  "title": "O campo deve ser formado por dez radio buttons, contendo as opções de 1 a 10",
                  "fullTitle": "Trybewarts 14 - Crie um campo de entrada para avaliar de 1 a 10 o nível de satisfação com a Trybewarts O campo deve ser formado por dez radio buttons, contendo as opções de 1 a 10",
                  "timedOut": null,
                  "duration": 123,
                  "state": "passed",
                  "speed": "fast",
                  "pass": true,
                  "fail": false,
                  "pending": false,
                  "context": null,
                  "code": "cy.get('input[name=\"rate\"]').its('length').should('be.gt', 9);",
                  "err": {},
                  "uuid": "6d00472a-90d2-4edb-ad63-116a4a963d68",
                  "parentUUID": "bc329e01-2815-441a-b413-95a67669fa16",
                  "isHook": false,
                  "skipped": false
                }
              ],
              "suites": [],
              "passes": [
                "c325a319-9555-4f2e-9628-2041f2e56e33",
                "6d00472a-90d2-4edb-ad63-116a4a963d68"
              ],
              "failures": [],
              "pending": [],
              "skipped": [],
              "duration": 226,
              "root": false,
              "rootEmpty": false,
              "_timeout": 2000
            },
            {
              "uuid": "43491b3e-6471-497f-8c9b-886d2e723369",
              "title": "15 - Crie um elemento `textarea`, de `id` `textarea` e número máximo de 500 caracteres",
              "fullFile": "",
              "file": "",
              "beforeHooks": [],
              "afterHooks": [],
              "tests": [
                {
                  "title": "Uma label com a classe textarea e o texto \"Deixe seu comentário:\" deverá ser criado\" ",
                  "fullTitle": "Trybewarts 15 - Crie um elemento `textarea`, de `id` `textarea` e número máximo de 500 caracteres Uma label com a classe textarea e o texto \"Deixe seu comentário:\" deverá ser criado\" ",
                  "timedOut": null,
                  "duration": 100,
                  "state": "passed",
                  "speed": "fast",
                  "pass": true,
                  "fail": false,
                  "pending": false,
                  "context": null,
                  "code": "cy.get('.textarea').contains(LABEL_TEXTAREA);",
                  "err": {},
                  "uuid": "f709f4e6-5982-4b3c-8e5f-8b86c9039cc9",
                  "parentUUID": "43491b3e-6471-497f-8c9b-886d2e723369",
                  "isHook": false,
                  "skipped": false
                },
                {
                  "title": "O campo textarea deverá ter o máximo de 500 caracteres",
                  "fullTitle": "Trybewarts 15 - Crie um elemento `textarea`, de `id` `textarea` e número máximo de 500 caracteres O campo textarea deverá ter o máximo de 500 caracteres",
                  "timedOut": null,
                  "duration": 10594,
                  "state": "passed",
                  "speed": "slow",
                  "pass": true,
                  "fail": false,
                  "pending": false,
                  "context": null,
                  "code": "cy.get('textarea').type('text'.repeat(200));\ncy.get('textarea').invoke('val').should(value => {\n  expect(value).to.match(/^[a-z]{500}$/);\n});",
                  "err": {},
                  "uuid": "31517f3e-7688-4096-8a48-e16b56b8c8f9",
                  "parentUUID": "43491b3e-6471-497f-8c9b-886d2e723369",
                  "isHook": false,
                  "skipped": false
                }
              ],
              "suites": [],
              "passes": [
                "f709f4e6-5982-4b3c-8e5f-8b86c9039cc9",
                "31517f3e-7688-4096-8a48-e16b56b8c8f9"
              ],
              "failures": [],
              "pending": [],
              "skipped": [],
              "duration": 10694,
              "root": false,
              "rootEmpty": false,
              "_timeout": 2000
            },
            {
              "uuid": "a05bd8ea-095f-4dce-b6ba-cf8d3db089b1",
              "title": "16 - Crie um elemento `checkbox` para validar as informações digitadas pela pessoa usuária",
              "fullFile": "",
              "file": "",
              "beforeHooks": [],
              "afterHooks": [],
              "tests": [
                {
                  "title": "Uma label com o id \"label-infos\" deve possuir o texto \"Você concorda com o uso das informações acima?\"",
                  "fullTitle": "Trybewarts 16 - Crie um elemento `checkbox` para validar as informações digitadas pela pessoa usuária Uma label com o id \"label-infos\" deve possuir o texto \"Você concorda com o uso das informações acima?\"",
                  "timedOut": null,
                  "duration": 169,
                  "state": "passed",
                  "speed": "fast",
                  "pass": true,
                  "fail": false,
                  "pending": false,
                  "context": null,
                  "code": "cy.get('label#label-infos').should('exist').contains('Você concorda com o uso das informações acima?');",
                  "err": {},
                  "uuid": "d9afe39a-318e-4d55-9c4e-c2d75fee6946",
                  "parentUUID": "a05bd8ea-095f-4dce-b6ba-cf8d3db089b1",
                  "isHook": false,
                  "skipped": false
                },
                {
                  "title": "Um input do tipo checkbox deve existir e deve possuir o id \"agreement\"",
                  "fullTitle": "Trybewarts 16 - Crie um elemento `checkbox` para validar as informações digitadas pela pessoa usuária Um input do tipo checkbox deve existir e deve possuir o id \"agreement\"",
                  "timedOut": null,
                  "duration": 98,
                  "state": "passed",
                  "speed": "fast",
                  "pass": true,
                  "fail": false,
                  "pending": false,
                  "context": null,
                  "code": "cy.get('input#agreement[type=\"checkbox\"]').should('exist');",
                  "err": {},
                  "uuid": "f38186bf-7da5-4273-90c2-2f11a746af27",
                  "parentUUID": "a05bd8ea-095f-4dce-b6ba-cf8d3db089b1",
                  "isHook": false,
                  "skipped": false
                }
              ],
              "suites": [],
              "passes": [
                "d9afe39a-318e-4d55-9c4e-c2d75fee6946",
                "f38186bf-7da5-4273-90c2-2f11a746af27"
              ],
              "failures": [],
              "pending": [],
              "skipped": [],
              "duration": 267,
              "root": false,
              "rootEmpty": false,
              "_timeout": 2000
            },
            {
              "uuid": "b9d043c4-b27d-49c7-9c88-c0e6c9223c8c",
              "title": "17 - Crie um botão de \"Enviar\" para submeter o formulário",
              "fullFile": "",
              "file": "",
              "beforeHooks": [],
              "afterHooks": [],
              "tests": [
                {
                  "title": "Deve existir um botão com o id \"submit-btn\" e o texto \"Enviar\"",
                  "fullTitle": "Trybewarts 17 - Crie um botão de \"Enviar\" para submeter o formulário Deve existir um botão com o id \"submit-btn\" e o texto \"Enviar\"",
                  "timedOut": null,
                  "duration": 83,
                  "state": "passed",
                  "speed": "fast",
                  "pass": true,
                  "fail": false,
                  "pending": false,
                  "context": null,
                  "code": "cy.get('button#submit-btn[type=\"submit\"]').should('exist').should('have.text', 'Enviar');",
                  "err": {},
                  "uuid": "a99a70bb-25cd-4a7d-ac3e-ca06a2e38e42",
                  "parentUUID": "b9d043c4-b27d-49c7-9c88-c0e6c9223c8c",
                  "isHook": false,
                  "skipped": false
                }
              ],
              "suites": [],
              "passes": [
                "a99a70bb-25cd-4a7d-ac3e-ca06a2e38e42"
              ],
              "failures": [],
              "pending": [],
              "skipped": [],
              "duration": 83,
              "root": false,
              "rootEmpty": false,
              "_timeout": 2000
            },
            {
              "uuid": "3caa2a5b-307c-40ca-8075-fe40aac4960a",
              "title": "18 - Habilite o botão \"Enviar\" após a validação do `checkbox`",
              "fullFile": "",
              "file": "",
              "beforeHooks": [],
              "afterHooks": [],
              "tests": [
                {
                  "title": "O botão deve inicialmente estar desabilitado",
                  "fullTitle": "Trybewarts 18 - Habilite o botão \"Enviar\" após a validação do `checkbox` O botão deve inicialmente estar desabilitado",
                  "timedOut": null,
                  "duration": 10110,
                  "state": "failed",
                  "speed": null,
                  "pass": false,
                  "fail": true,
                  "pending": false,
                  "context": null,
                  "code": "cy.get('button#submit-btn').should('be.disabled');",
                  "err": {
                    "message": "AssertionError: Timed out retrying after 10000ms: expected '<button#submit-btn>' to be 'disabled'",
                    "estack": "AssertionError: Timed out retrying after 10000ms: expected '<button#submit-btn>' to be 'disabled'\n    at Context.eval (http://localhost:64945/__cypress/tests?p=cypress/integration/project.spec.js:352:35)",
                    "diff": null
                  },
                  "uuid": "938c1608-efc2-4d1f-8a65-8e048e592846",
                  "parentUUID": "3caa2a5b-307c-40ca-8075-fe40aac4960a",
                  "isHook": false,
                  "skipped": false
                },
                {
                  "title": "Ao marcar o campo de confirmação, o botão de Enviar deve ser habilitado",
                  "fullTitle": "Trybewarts 18 - Habilite o botão \"Enviar\" após a validação do `checkbox` Ao marcar o campo de confirmação, o botão de Enviar deve ser habilitado",
                  "timedOut": null,
                  "duration": 232,
                  "state": "passed",
                  "speed": "fast",
                  "pass": true,
                  "fail": false,
                  "pending": false,
                  "context": null,
                  "code": "cy.get('input#agreement').check();\ncy.get('button#submit-btn').should('not.be.disabled');",
                  "err": {},
                  "uuid": "e0cc1d3f-8067-4d15-9c56-c2ba783e3ff5",
                  "parentUUID": "3caa2a5b-307c-40ca-8075-fe40aac4960a",
                  "isHook": false,
                  "skipped": false
                }
              ],
              "suites": [],
              "passes": [
                "e0cc1d3f-8067-4d15-9c56-c2ba783e3ff5"
              ],
              "failures": [
                "938c1608-efc2-4d1f-8a65-8e048e592846"
              ],
              "pending": [],
              "skipped": [],
              "duration": 10342,
              "root": false,
              "rootEmpty": false,
              "_timeout": 2000
            },
            {
              "uuid": "162940c4-f297-4e89-88cd-af765677f12c",
              "title": "19 - Crie um rodapé ao final da página",
              "fullFile": "",
              "file": "",
              "beforeHooks": [],
              "afterHooks": [],
              "tests": [
                {
                  "title": "O rodapé deve conter o texto \"Direitos reservados à Trybewarts©\"",
                  "fullTitle": "Trybewarts 19 - Crie um rodapé ao final da página O rodapé deve conter o texto \"Direitos reservados à Trybewarts©\"",
                  "timedOut": null,
                  "duration": 10120,
                  "state": "failed",
                  "speed": null,
                  "pass": false,
                  "fail": true,
                  "pending": false,
                  "context": null,
                  "code": "cy.get('footer').should('exist').contains('Direitos reservados à Trybewarts©');",
                  "err": {
                    "message": "AssertionError: Timed out retrying after 10000ms: Expected to find element: `footer`, but never found it.",
                    "estack": "AssertionError: Timed out retrying after 10000ms: Expected to find element: `footer`, but never found it.\n    at Context.eval (http://localhost:64945/__cypress/tests?p=cypress/integration/project.spec.js:361:24)",
                    "diff": null
                  },
                  "uuid": "2f952814-d7b3-4469-921f-d25ddbea362f",
                  "parentUUID": "162940c4-f297-4e89-88cd-af765677f12c",
                  "isHook": false,
                  "skipped": false
                }
              ],
              "suites": [],
              "passes": [],
              "failures": [
                "2f952814-d7b3-4469-921f-d25ddbea362f"
              ],
              "pending": [],
              "skipped": [],
              "duration": 10120,
              "root": false,
              "rootEmpty": false,
              "_timeout": 2000
            },
            {
              "uuid": "d8b43f0f-dadf-4754-80e6-d0f17467b9c3",
              "title": "20 - Crie um contador de caracteres de `id` `counter` que será decrementado de 500 a 0, à medida que algo vai sendo digitado na textarea",
              "fullFile": "",
              "file": "",
              "beforeHooks": [],
              "afterHooks": [],
              "tests": [
                {
                  "title": "Deve existir um contador com o ID \"counter\"",
                  "fullTitle": "Trybewarts 20 - Crie um contador de caracteres de `id` `counter` que será decrementado de 500 a 0, à medida que algo vai sendo digitado na textarea Deve existir um contador com o ID \"counter\"",
                  "timedOut": null,
                  "duration": 10126,
                  "state": "failed",
                  "speed": null,
                  "pass": false,
                  "fail": true,
                  "pending": false,
                  "context": null,
                  "code": "cy.get('#counter').should('exist');",
                  "err": {
                    "message": "AssertionError: Timed out retrying after 10000ms: Expected to find element: `#counter`, but never found it.",
                    "estack": "AssertionError: Timed out retrying after 10000ms: Expected to find element: `#counter`, but never found it.\n    at Context.eval (http://localhost:64945/__cypress/tests?p=cypress/integration/project.spec.js:366:26)",
                    "diff": null
                  },
                  "uuid": "d5ebec5a-5f21-4fca-b770-cbde9ca3f006",
                  "parentUUID": "d8b43f0f-dadf-4754-80e6-d0f17467b9c3",
                  "isHook": false,
                  "skipped": false
                },
                {
                  "title": "O contador de caracteres deve ser atualizado conforme o conteúdo do textarea muda.",
                  "fullTitle": "Trybewarts 20 - Crie um contador de caracteres de `id` `counter` que será decrementado de 500 a 0, à medida que algo vai sendo digitado na textarea O contador de caracteres deve ser atualizado conforme o conteúdo do textarea muda.",
                  "timedOut": null,
                  "duration": 10120,
                  "state": "failed",
                  "speed": null,
                  "pass": false,
                  "fail": true,
                  "pending": false,
                  "context": null,
                  "code": "cy.get('#counter').contains('500');\ncy.get('#textarea').type('Salve salve família');\ncy.get('#counter').contains('481');\ncy.get('#textarea').clear();\ncy.get('#counter').should('contain', '500');\ncy.get('#textarea').type('Salve salve');\ncy.get('#counter').should('contain', '489');",
                  "err": {
                    "message": "AssertionError: Timed out retrying after 10000ms: Expected to find element: `#counter`, but never found it.",
                    "estack": "AssertionError: Timed out retrying after 10000ms: Expected to find element: `#counter`, but never found it.\n    at Context.eval (http://localhost:64945/__cypress/tests?p=cypress/integration/project.spec.js:369:10)",
                    "diff": null
                  },
                  "uuid": "7c04699b-b33c-44f0-905e-7ee8f870d643",
                  "parentUUID": "d8b43f0f-dadf-4754-80e6-d0f17467b9c3",
                  "isHook": false,
                  "skipped": false
                }
              ],
              "suites": [],
              "passes": [],
              "failures": [
                "d5ebec5a-5f21-4fca-b770-cbde9ca3f006",
                "7c04699b-b33c-44f0-905e-7ee8f870d643"
              ],
              "pending": [],
              "skipped": [],
              "duration": 20246,
              "root": false,
              "rootEmpty": false,
              "_timeout": 2000
            },
            {
              "uuid": "586bbe20-1757-4918-b643-2c069d32bf05",
              "title": "21 - Substitua o formulário pelas informações da pessoa estudante",
              "fullFile": "",
              "file": "",
              "beforeHooks": [],
              "afterHooks": [],
              "tests": [
                {
                  "title": "Deve haver um texto no modelo \"Nome: John Doe\" (substitua John Doe pelo nome e sobrenome preenchido no formulário)",
                  "fullTitle": "Trybewarts 21 - Substitua o formulário pelas informações da pessoa estudante Deve haver um texto no modelo \"Nome: John Doe\" (substitua John Doe pelo nome e sobrenome preenchido no formulário)",
                  "timedOut": null,
                  "duration": 11934,
                  "state": "failed",
                  "speed": null,
                  "pass": false,
                  "fail": true,
                  "pending": false,
                  "context": null,
                  "code": "cy.get('#form-data').contains(`Nome: ${firstName} ${lastName}`);",
                  "err": {
                    "message": "AssertionError: Timed out retrying after 10000ms: Expected to find element: `#form-data`, but never found it.",
                    "estack": "AssertionError: Timed out retrying after 10000ms: Expected to find element: `#form-data`, but never found it.\n    at Context.eval (http://localhost:64945/__cypress/tests?p=cypress/integration/project.spec.js:433:10)",
                    "diff": null
                  },
                  "uuid": "2071472d-728c-41cd-acae-43fc872e35ff",
                  "parentUUID": "586bbe20-1757-4918-b643-2c069d32bf05",
                  "isHook": false,
                  "skipped": false
                },
                {
                  "title": "Deve haver um texto no modelo \"Email: alguem@email.com\"",
                  "fullTitle": "Trybewarts 21 - Substitua o formulário pelas informações da pessoa estudante Deve haver um texto no modelo \"Email: alguem@email.com\"",
                  "timedOut": null,
                  "duration": 11914,
                  "state": "failed",
                  "speed": null,
                  "pass": false,
                  "fail": true,
                  "pending": false,
                  "context": null,
                  "code": "cy.get('#form-data').contains(`Email: ${email}`);",
                  "err": {
                    "message": "AssertionError: Timed out retrying after 10000ms: Expected to find element: `#form-data`, but never found it.",
                    "estack": "AssertionError: Timed out retrying after 10000ms: Expected to find element: `#form-data`, but never found it.\n    at Context.eval (http://localhost:64945/__cypress/tests?p=cypress/integration/project.spec.js:436:10)",
                    "diff": null
                  },
                  "uuid": "d65fdabb-8bdd-46c4-a0b0-79f810beb9dd",
                  "parentUUID": "586bbe20-1757-4918-b643-2c069d32bf05",
                  "isHook": false,
                  "skipped": false
                },
                {
                  "title": "Deve haver um texto no modelo \"Casa: -Casa marcada-\"",
                  "fullTitle": "Trybewarts 21 - Substitua o formulário pelas informações da pessoa estudante Deve haver um texto no modelo \"Casa: -Casa marcada-\"",
                  "timedOut": null,
                  "duration": 11888,
                  "state": "failed",
                  "speed": null,
                  "pass": false,
                  "fail": true,
                  "pending": false,
                  "context": null,
                  "code": "cy.get('#form-data').contains(`Casa: ${house}`);",
                  "err": {
                    "message": "AssertionError: Timed out retrying after 10000ms: Expected to find element: `#form-data`, but never found it.",
                    "estack": "AssertionError: Timed out retrying after 10000ms: Expected to find element: `#form-data`, but never found it.\n    at Context.eval (http://localhost:64945/__cypress/tests?p=cypress/integration/project.spec.js:439:10)",
                    "diff": null
                  },
                  "uuid": "0762d8f5-8b22-4e1e-9d2e-33bf72c9a989",
                  "parentUUID": "586bbe20-1757-4918-b643-2c069d32bf05",
                  "isHook": false,
                  "skipped": false
                },
                {
                  "title": "Deve haver um texto no modelo \"Família: -Família marcada-\"",
                  "fullTitle": "Trybewarts 21 - Substitua o formulário pelas informações da pessoa estudante Deve haver um texto no modelo \"Família: -Família marcada-\"",
                  "timedOut": null,
                  "duration": 11834,
                  "state": "failed",
                  "speed": null,
                  "pass": false,
                  "fail": true,
                  "pending": false,
                  "context": null,
                  "code": "cy.get('#form-data').contains(`Família: ${family}`);",
                  "err": {
                    "message": "AssertionError: Timed out retrying after 10000ms: Expected to find element: `#form-data`, but never found it.",
                    "estack": "AssertionError: Timed out retrying after 10000ms: Expected to find element: `#form-data`, but never found it.\n    at Context.eval (http://localhost:64945/__cypress/tests?p=cypress/integration/project.spec.js:442:10)",
                    "diff": null
                  },
                  "uuid": "d716ff8b-0cfa-49b6-96ed-2ca837cd5119",
                  "parentUUID": "586bbe20-1757-4918-b643-2c069d32bf05",
                  "isHook": false,
                  "skipped": false
                },
                {
                  "title": "Deve haver um texto no modelo \"Matérias: -Matérias marcadas-\"",
                  "fullTitle": "Trybewarts 21 - Substitua o formulário pelas informações da pessoa estudante Deve haver um texto no modelo \"Matérias: -Matérias marcadas-\"",
                  "timedOut": null,
                  "duration": 11882,
                  "state": "failed",
                  "speed": null,
                  "pass": false,
                  "fail": true,
                  "pending": false,
                  "context": null,
                  "code": "cy.get('#form-data').contains('Matérias: Jest, React, SQL');",
                  "err": {
                    "message": "AssertionError: Timed out retrying after 10000ms: Expected to find element: `#form-data`, but never found it.",
                    "estack": "AssertionError: Timed out retrying after 10000ms: Expected to find element: `#form-data`, but never found it.\n    at Context.eval (http://localhost:64945/__cypress/tests?p=cypress/integration/project.spec.js:445:10)",
                    "diff": null
                  },
                  "uuid": "8550be03-3e9c-4b7c-aaad-bee9eb53ae81",
                  "parentUUID": "586bbe20-1757-4918-b643-2c069d32bf05",
                  "isHook": false,
                  "skipped": false
                },
                {
                  "title": "Deve haver um texto no modelo \"Avaliação: -Nota marcada-\"",
                  "fullTitle": "Trybewarts 21 - Substitua o formulário pelas informações da pessoa estudante Deve haver um texto no modelo \"Avaliação: -Nota marcada-\"",
                  "timedOut": null,
                  "duration": 11939,
                  "state": "failed",
                  "speed": null,
                  "pass": false,
                  "fail": true,
                  "pending": false,
                  "context": null,
                  "code": "cy.get('#form-data').contains(`Avaliação: ${rate}`);",
                  "err": {
                    "message": "AssertionError: Timed out retrying after 10000ms: Expected to find element: `#form-data`, but never found it.",
                    "estack": "AssertionError: Timed out retrying after 10000ms: Expected to find element: `#form-data`, but never found it.\n    at Context.eval (http://localhost:64945/__cypress/tests?p=cypress/integration/project.spec.js:448:10)",
                    "diff": null
                  },
                  "uuid": "fc953125-69c0-4565-b30d-629818f15b0b",
                  "parentUUID": "586bbe20-1757-4918-b643-2c069d32bf05",
                  "isHook": false,
                  "skipped": false
                },
                {
                  "title": "Deve haver um texto no modelo \"Observações: -Texto preenchido-\"",
                  "fullTitle": "Trybewarts 21 - Substitua o formulário pelas informações da pessoa estudante Deve haver um texto no modelo \"Observações: -Texto preenchido-\"",
                  "timedOut": null,
                  "duration": 11934,
                  "state": "failed",
                  "speed": null,
                  "pass": false,
                  "fail": true,
                  "pending": false,
                  "context": null,
                  "code": "cy.get('#form-data').contains(`Observações: ${observation}`);",
                  "err": {
                    "message": "AssertionError: Timed out retrying after 10000ms: Expected to find element: `#form-data`, but never found it.",
                    "estack": "AssertionError: Timed out retrying after 10000ms: Expected to find element: `#form-data`, but never found it.\n    at Context.eval (http://localhost:64945/__cypress/tests?p=cypress/integration/project.spec.js:451:10)",
                    "diff": null
                  },
                  "uuid": "df403a64-5e60-4a72-b379-2c70a4f71a41",
                  "parentUUID": "586bbe20-1757-4918-b643-2c069d32bf05",
                  "isHook": false,
                  "skipped": false
                },
                {
                  "title": "Ao enviar as informações, o formulário deve ser substituído pelas informações da pessoa usuária",
                  "fullTitle": "Trybewarts 21 - Substitua o formulário pelas informações da pessoa estudante Ao enviar as informações, o formulário deve ser substituído pelas informações da pessoa usuária",
                  "timedOut": null,
                  "duration": 11853,
                  "state": "failed",
                  "speed": null,
                  "pass": false,
                  "fail": true,
                  "pending": false,
                  "context": null,
                  "code": "cy.get('#evaluation-form').should('not.be.visible');",
                  "err": {
                    "message": "AssertionError: Timed out retrying after 10000ms: expected '<form#evaluation-form>' not to be 'visible'",
                    "estack": "AssertionError: Timed out retrying after 10000ms: expected '<form#evaluation-form>' not to be 'visible'\n    at Context.eval (http://localhost:64945/__cypress/tests?p=cypress/integration/project.spec.js:454:34)",
                    "diff": null
                  },
                  "uuid": "7847d8c9-3b29-41ca-b39f-30069e4a3a25",
                  "parentUUID": "586bbe20-1757-4918-b643-2c069d32bf05",
                  "isHook": false,
                  "skipped": false
                }
              ],
              "suites": [],
              "passes": [],
              "failures": [
                "2071472d-728c-41cd-acae-43fc872e35ff",
                "d65fdabb-8bdd-46c4-a0b0-79f810beb9dd",
                "0762d8f5-8b22-4e1e-9d2e-33bf72c9a989",
                "d716ff8b-0cfa-49b6-96ed-2ca837cd5119",
                "8550be03-3e9c-4b7c-aaad-bee9eb53ae81",
                "fc953125-69c0-4565-b30d-629818f15b0b",
                "df403a64-5e60-4a72-b379-2c70a4f71a41",
                "7847d8c9-3b29-41ca-b39f-30069e4a3a25"
              ],
              "pending": [],
              "skipped": [],
              "duration": 95178,
              "root": false,
              "rootEmpty": false,
              "_timeout": 2000
            }
          ],
          "passes": [],
          "failures": [],
          "pending": [],
          "skipped": [],
          "duration": 0,
          "root": false,
          "rootEmpty": false,
          "_timeout": 2000
        }
      ],
      "passes": [],
      "failures": [],
      "pending": [],
      "skipped": [],
      "duration": 0,
      "root": true,
      "rootEmpty": true,
      "_timeout": 2000
    }
  ],
  "meta": {
    "mocha": {
      "version": "7.0.1"
    },
    "mochawesome": {
      "options": {
        "quiet": false,
        "reportFilename": "mochawesome",
        "saveHtml": false,
        "saveJson": true,
        "consoleReporter": "spec",
        "useInlineDiffs": false,
        "code": true
      },
      "version": "6.2.2"
    },
    "marge": {
      "options": {
        "id": "default",
        "reportDir": "cypress/reports",
        "overwrite": false,
        "html": false,
        "json": true
      },
      "version": "5.2.0"
    }
  }
}