{
  "stats": {
    "suites": 22,
    "tests": 62,
    "passes": 41,
    "pending": 0,
    "failures": 21,
    "start": "2022-08-12T01:46:07.123Z",
    "end": "2022-08-12T01:49:51.062Z",
    "duration": 223939,
    "testsRegistered": 69,
    "passPercent": 59.42028985507246,
    "pendingPercent": 0,
    "other": 0,
    "hasOther": false,
    "skipped": 7,
    "hasSkipped": true
  },
  "results": [
    {
      "uuid": "46bde19e-cb7c-4912-88dc-19df92785479",
      "title": "",
      "fullFile": "cypress/integration/project.spec.js",
      "file": "cypress/integration/project.spec.js",
      "beforeHooks": [],
      "afterHooks": [],
      "tests": [],
      "suites": [
        {
          "uuid": "623b78ba-56da-4e62-b77f-8fc5eed10f2a",
          "title": "Trybewarts",
          "fullFile": "",
          "file": "",
          "beforeHooks": [],
          "afterHooks": [],
          "tests": [],
          "suites": [
            {
              "uuid": "1c083bca-65d0-4577-b2d7-152519a84f1c",
              "title": "1 - Crie uma barra verde na parte superior da página",
              "fullFile": "",
              "file": "",
              "beforeHooks": [],
              "afterHooks": [],
              "tests": [
                {
                  "title": "A barra possui a classe `header`",
                  "fullTitle": "Trybewarts 1 - Crie uma barra verde na parte superior da página A barra possui a classe `header`",
                  "timedOut": null,
                  "duration": 1709,
                  "state": "passed",
                  "speed": "fast",
                  "pass": true,
                  "fail": false,
                  "pending": false,
                  "context": null,
                  "code": "cy.get(TOP_BAR_SELECTOR).should('exist');",
                  "err": {},
                  "uuid": "34f496dd-be6d-46dd-86c4-310eede5eb88",
                  "parentUUID": "1c083bca-65d0-4577-b2d7-152519a84f1c",
                  "isHook": false,
                  "skipped": false
                },
                {
                  "title": "A classe `header` deve determinar que o elemento é um flex container",
                  "fullTitle": "Trybewarts 1 - Crie uma barra verde na parte superior da página A classe `header` deve determinar que o elemento é um flex container",
                  "timedOut": null,
                  "duration": 632,
                  "state": "passed",
                  "speed": "fast",
                  "pass": true,
                  "fail": false,
                  "pending": false,
                  "context": null,
                  "code": "cy.get(TOP_BAR_SELECTOR).should('have.css', 'display', 'flex');",
                  "err": {},
                  "uuid": "56331c7b-0c5f-4d8a-acfe-9292a06010d1",
                  "parentUUID": "1c083bca-65d0-4577-b2d7-152519a84f1c",
                  "isHook": false,
                  "skipped": false
                },
                {
                  "title": "A classe header deve possuir a propriedade `background-color: rgb(50, 167, 145)`",
                  "fullTitle": "Trybewarts 1 - Crie uma barra verde na parte superior da página A classe header deve possuir a propriedade `background-color: rgb(50, 167, 145)`",
                  "timedOut": null,
                  "duration": 271,
                  "state": "passed",
                  "speed": "fast",
                  "pass": true,
                  "fail": false,
                  "pending": false,
                  "context": null,
                  "code": "cy.get(TOP_BAR_SELECTOR).should('have.css', 'background-color', 'rgb(50, 167, 145)');",
                  "err": {},
                  "uuid": "4f77b45f-246c-48d5-a112-326fc4e4a1a6",
                  "parentUUID": "1c083bca-65d0-4577-b2d7-152519a84f1c",
                  "isHook": false,
                  "skipped": false
                }
              ],
              "suites": [],
              "passes": [
                "34f496dd-be6d-46dd-86c4-310eede5eb88",
                "56331c7b-0c5f-4d8a-acfe-9292a06010d1",
                "4f77b45f-246c-48d5-a112-326fc4e4a1a6"
              ],
              "failures": [],
              "pending": [],
              "skipped": [],
              "duration": 2612,
              "root": false,
              "rootEmpty": false,
              "_timeout": 2000
            },
            {
              "uuid": "79e1b185-743d-41a1-93c0-934a7dc34f7b",
              "title": "2 - Adicione o logotipo da Trybewarts",
              "fullFile": "",
              "file": "",
              "beforeHooks": [],
              "afterHooks": [],
              "tests": [
                {
                  "title": "Existe um elemento img com a classe `trybewarts-header-logo`",
                  "fullTitle": "Trybewarts 2 - Adicione o logotipo da Trybewarts Existe um elemento img com a classe `trybewarts-header-logo`",
                  "timedOut": null,
                  "duration": 343,
                  "state": "passed",
                  "speed": "fast",
                  "pass": true,
                  "fail": false,
                  "pending": false,
                  "context": null,
                  "code": "cy.get(TRYBEWARTS_LOGO_SELECTOR).should('exist');",
                  "err": {},
                  "uuid": "96911cb1-ffc2-4b2b-b115-94f44afb4e90",
                  "parentUUID": "79e1b185-743d-41a1-93c0-934a7dc34f7b",
                  "isHook": false,
                  "skipped": false
                },
                {
                  "title": "O atributo src do logotipo aponta para images/trybewarts-header-logo.svg",
                  "fullTitle": "Trybewarts 2 - Adicione o logotipo da Trybewarts O atributo src do logotipo aponta para images/trybewarts-header-logo.svg",
                  "timedOut": null,
                  "duration": 143,
                  "state": "passed",
                  "speed": "fast",
                  "pass": true,
                  "fail": false,
                  "pending": false,
                  "context": null,
                  "code": "cy.get(TRYBEWARTS_LOGO_SELECTOR).should('have.attr', 'src').and('match', /images\\/trybewarts-header-logo\\.svg/);",
                  "err": {},
                  "uuid": "b2563f2b-a01b-459a-b9e3-91620adebca0",
                  "parentUUID": "79e1b185-743d-41a1-93c0-934a7dc34f7b",
                  "isHook": false,
                  "skipped": false
                }
              ],
              "suites": [],
              "passes": [
                "96911cb1-ffc2-4b2b-b115-94f44afb4e90",
                "b2563f2b-a01b-459a-b9e3-91620adebca0"
              ],
              "failures": [],
              "pending": [],
              "skipped": [],
              "duration": 486,
              "root": false,
              "rootEmpty": false,
              "_timeout": 2000
            },
            {
              "uuid": "26faa764-9862-4038-8939-9cce4222839b",
              "title": "3 - Acrescente um formulário de login dentro do `header`, do lado direito",
              "fullFile": "",
              "file": "",
              "beforeHooks": [],
              "afterHooks": [],
              "tests": [
                {
                  "title": "Existe um formulário com a classe \"trybewarts-login\"",
                  "fullTitle": "Trybewarts 3 - Acrescente um formulário de login dentro do `header`, do lado direito Existe um formulário com a classe \"trybewarts-login\"",
                  "timedOut": null,
                  "duration": 151,
                  "state": "passed",
                  "speed": "fast",
                  "pass": true,
                  "fail": false,
                  "pending": false,
                  "context": null,
                  "code": "cy.get(TRYBEWARTS_LOGIN_FORM_SELECTOR).should('exist');",
                  "err": {},
                  "uuid": "5ba46463-e579-4efe-901d-ed6a51967b42",
                  "parentUUID": "26faa764-9862-4038-8939-9cce4222839b",
                  "isHook": false,
                  "skipped": false
                },
                {
                  "title": "Existe um input com o atributo name igual a \"email\" e o placeholder igual a \"Email\"",
                  "fullTitle": "Trybewarts 3 - Acrescente um formulário de login dentro do `header`, do lado direito Existe um input com o atributo name igual a \"email\" e o placeholder igual a \"Email\"",
                  "timedOut": null,
                  "duration": 136,
                  "state": "passed",
                  "speed": "fast",
                  "pass": true,
                  "fail": false,
                  "pending": false,
                  "context": null,
                  "code": "cy.get(`${TRYBEWARTS_LOGIN_FORM_SELECTOR} input[name=email]`).should('have.attr', 'placeholder').and('match', /Email/);",
                  "err": {},
                  "uuid": "7b63aef3-1f85-456d-8420-5ef4656efb25",
                  "parentUUID": "26faa764-9862-4038-8939-9cce4222839b",
                  "isHook": false,
                  "skipped": false
                },
                {
                  "title": "Existe um input com o atributo name igual a \"password\" e o placeholder igual a \"Senha\"",
                  "fullTitle": "Trybewarts 3 - Acrescente um formulário de login dentro do `header`, do lado direito Existe um input com o atributo name igual a \"password\" e o placeholder igual a \"Senha\"",
                  "timedOut": null,
                  "duration": 129,
                  "state": "passed",
                  "speed": "fast",
                  "pass": true,
                  "fail": false,
                  "pending": false,
                  "context": null,
                  "code": "cy.get(`${TRYBEWARTS_LOGIN_FORM_SELECTOR} input[name=password]`).should('have.attr', 'placeholder').and('match', /Senha/);",
                  "err": {},
                  "uuid": "bedde67d-583b-4865-9263-270f78644c62",
                  "parentUUID": "26faa764-9862-4038-8939-9cce4222839b",
                  "isHook": false,
                  "skipped": false
                },
                {
                  "title": "Existe um botão que contém o texto \"Entrar\"",
                  "fullTitle": "Trybewarts 3 - Acrescente um formulário de login dentro do `header`, do lado direito Existe um botão que contém o texto \"Entrar\"",
                  "timedOut": null,
                  "duration": 146,
                  "state": "passed",
                  "speed": "fast",
                  "pass": true,
                  "fail": false,
                  "pending": false,
                  "context": null,
                  "code": "cy.get(`${TRYBEWARTS_LOGIN_FORM_SELECTOR} button`).should('have.text', 'Entrar');",
                  "err": {},
                  "uuid": "482f877d-88e5-4278-89e6-d445124aab34",
                  "parentUUID": "26faa764-9862-4038-8939-9cce4222839b",
                  "isHook": false,
                  "skipped": false
                },
                {
                  "title": "O formulário é um flex container",
                  "fullTitle": "Trybewarts 3 - Acrescente um formulário de login dentro do `header`, do lado direito O formulário é um flex container",
                  "timedOut": null,
                  "duration": 138,
                  "state": "passed",
                  "speed": "fast",
                  "pass": true,
                  "fail": false,
                  "pending": false,
                  "context": null,
                  "code": "cy.get(TRYBEWARTS_LOGIN_FORM_SELECTOR).should('have.css', 'display', 'flex');",
                  "err": {},
                  "uuid": "c7d67de8-503b-4aa6-9a23-77d988a4ab0f",
                  "parentUUID": "26faa764-9862-4038-8939-9cce4222839b",
                  "isHook": false,
                  "skipped": false
                },
                {
                  "title": "O formulário deve estar a direita da logo",
                  "fullTitle": "Trybewarts 3 - Acrescente um formulário de login dentro do `header`, do lado direito O formulário deve estar a direita da logo",
                  "timedOut": null,
                  "duration": 105,
                  "state": "passed",
                  "speed": "fast",
                  "pass": true,
                  "fail": false,
                  "pending": false,
                  "context": null,
                  "code": "cy.get(TRYBEWARTS_LOGIN_FORM_SELECTOR).should('be.rightOf', TRYBEWARTS_LOGO_SELECTOR);",
                  "err": {},
                  "uuid": "8782789b-dd14-481f-8e57-d58a35d21385",
                  "parentUUID": "26faa764-9862-4038-8939-9cce4222839b",
                  "isHook": false,
                  "skipped": false
                },
                {
                  "title": "Ao clicar no botão com login ou senha válidos, emite um alerta contendo o texto \"Olá, Tryber!\"",
                  "fullTitle": "Trybewarts 3 - Acrescente um formulário de login dentro do `header`, do lado direito Ao clicar no botão com login ou senha válidos, emite um alerta contendo o texto \"Olá, Tryber!\"",
                  "timedOut": null,
                  "duration": 1225,
                  "state": "passed",
                  "speed": "fast",
                  "pass": true,
                  "fail": false,
                  "pending": false,
                  "context": null,
                  "code": "const stub = cy.stub();\ncy.on('window:alert', stub);\ncy.get(`${TRYBEWARTS_LOGIN_FORM_SELECTOR} input[name=email]`).type('tryber@teste.com');\ncy.get(`${TRYBEWARTS_LOGIN_FORM_SELECTOR} input[name=password]`).type('123456');\ncy.get(`${TRYBEWARTS_LOGIN_FORM_SELECTOR} button`).click().then(() => {\n  expect(stub.getCall(0)).to.be.calledWith('Olá, Tryber!');\n});",
                  "err": {},
                  "uuid": "9a4ac111-e6f0-4e4c-af8b-f57a95b01a72",
                  "parentUUID": "26faa764-9862-4038-8939-9cce4222839b",
                  "isHook": false,
                  "skipped": false
                },
                {
                  "title": "Ao clicar no botão com email ou senha inválidos, emite um alerta contendo o texto \"Email ou senha inválidos.\"",
                  "fullTitle": "Trybewarts 3 - Acrescente um formulário de login dentro do `header`, do lado direito Ao clicar no botão com email ou senha inválidos, emite um alerta contendo o texto \"Email ou senha inválidos.\"",
                  "timedOut": null,
                  "duration": 235,
                  "state": "passed",
                  "speed": "fast",
                  "pass": true,
                  "fail": false,
                  "pending": false,
                  "context": null,
                  "code": "const stub = cy.stub();\ncy.on('window:alert', stub);\ncy.get(`${TRYBEWARTS_LOGIN_FORM_SELECTOR} button`).click().then(() => {\n  expect(stub.getCall(0)).to.be.calledWith('Email ou senha inválidos.');\n});",
                  "err": {},
                  "uuid": "aab1e8ab-f391-41b5-ae55-fd368d962c96",
                  "parentUUID": "26faa764-9862-4038-8939-9cce4222839b",
                  "isHook": false,
                  "skipped": false
                }
              ],
              "suites": [],
              "passes": [
                "5ba46463-e579-4efe-901d-ed6a51967b42",
                "7b63aef3-1f85-456d-8420-5ef4656efb25",
                "bedde67d-583b-4865-9263-270f78644c62",
                "482f877d-88e5-4278-89e6-d445124aab34",
                "c7d67de8-503b-4aa6-9a23-77d988a4ab0f",
                "8782789b-dd14-481f-8e57-d58a35d21385",
                "9a4ac111-e6f0-4e4c-af8b-f57a95b01a72",
                "aab1e8ab-f391-41b5-ae55-fd368d962c96"
              ],
              "failures": [],
              "pending": [],
              "skipped": [],
              "duration": 2265,
              "root": false,
              "rootEmpty": false,
              "_timeout": 2000
            },
            {
              "uuid": "bf9321ba-e625-43a8-8837-a8a229979bf4",
              "title": "4 - Crie um título com o texto \"Trybewarts\" centralizado dentro do `header`",
              "fullFile": "",
              "file": "",
              "beforeHooks": [],
              "afterHooks": [],
              "tests": [
                {
                  "title": "Existe um elemento h1 com o id \"trybewarts-header-title\" e texto \"Trybewarts",
                  "fullTitle": "Trybewarts 4 - Crie um título com o texto \"Trybewarts\" centralizado dentro do `header` Existe um elemento h1 com o id \"trybewarts-header-title\" e texto \"Trybewarts",
                  "timedOut": null,
                  "duration": 120,
                  "state": "passed",
                  "speed": "fast",
                  "pass": true,
                  "fail": false,
                  "pending": false,
                  "context": null,
                  "code": "cy.get(TRYBEWARTS_HEADER_TITLE).should('exist').and('have.text', 'Trybewarts');",
                  "err": {},
                  "uuid": "690113db-e3fb-41bd-bc20-59d1b6ac4933",
                  "parentUUID": "bf9321ba-e625-43a8-8837-a8a229979bf4",
                  "isHook": false,
                  "skipped": false
                },
                {
                  "title": "O header deve ter exatamente três elementos filhos",
                  "fullTitle": "Trybewarts 4 - Crie um título com o texto \"Trybewarts\" centralizado dentro do `header` O header deve ter exatamente três elementos filhos",
                  "timedOut": null,
                  "duration": 152,
                  "state": "passed",
                  "speed": "fast",
                  "pass": true,
                  "fail": false,
                  "pending": false,
                  "context": null,
                  "code": "cy.get(TOP_BAR_SELECTOR).children().should('have.length', 3);",
                  "err": {},
                  "uuid": "f24feca7-3acc-4305-8f9d-41c0f074f39c",
                  "parentUUID": "bf9321ba-e625-43a8-8837-a8a229979bf4",
                  "isHook": false,
                  "skipped": false
                },
                {
                  "title": "O filho do meio deve ser o título",
                  "fullTitle": "Trybewarts 4 - Crie um título com o texto \"Trybewarts\" centralizado dentro do `header` O filho do meio deve ser o título",
                  "timedOut": null,
                  "duration": 120,
                  "state": "passed",
                  "speed": "fast",
                  "pass": true,
                  "fail": false,
                  "pending": false,
                  "context": null,
                  "code": "cy.get(TOP_BAR_SELECTOR).children().eq(1).should('match', TRYBEWARTS_HEADER_TITLE);",
                  "err": {},
                  "uuid": "9ecd18f5-f705-4fb6-aa12-c9d90ae79728",
                  "parentUUID": "bf9321ba-e625-43a8-8837-a8a229979bf4",
                  "isHook": false,
                  "skipped": false
                }
              ],
              "suites": [],
              "passes": [
                "690113db-e3fb-41bd-bc20-59d1b6ac4933",
                "f24feca7-3acc-4305-8f9d-41c0f074f39c",
                "9ecd18f5-f705-4fb6-aa12-c9d90ae79728"
              ],
              "failures": [],
              "pending": [],
              "skipped": [],
              "duration": 392,
              "root": false,
              "rootEmpty": false,
              "_timeout": 2000
            },
            {
              "uuid": "66ad1b6f-5046-4ec4-8c00-957b9235e9e2",
              "title": "5 - Adicione um formulário no corpo da página",
              "fullFile": "",
              "file": "",
              "beforeHooks": [],
              "afterHooks": [],
              "tests": [
                {
                  "title": "Existe um formulário com o id `evaluation-form`",
                  "fullTitle": "Trybewarts 5 - Adicione um formulário no corpo da página Existe um formulário com o id `evaluation-form`",
                  "timedOut": null,
                  "duration": 95,
                  "state": "passed",
                  "speed": "fast",
                  "pass": true,
                  "fail": false,
                  "pending": false,
                  "context": null,
                  "code": "cy.get(EVALUATION_FORM).should('exist');",
                  "err": {},
                  "uuid": "f411c2fc-bfcc-49dc-8e3b-2e0aecef0ecd",
                  "parentUUID": "66ad1b6f-5046-4ec4-8c00-957b9235e9e2",
                  "isHook": false,
                  "skipped": false
                },
                {
                  "title": "O formulário está inserido dentro de uma tag `main`",
                  "fullTitle": "Trybewarts 5 - Adicione um formulário no corpo da página O formulário está inserido dentro de uma tag `main`",
                  "timedOut": null,
                  "duration": 99,
                  "state": "passed",
                  "speed": "fast",
                  "pass": true,
                  "fail": false,
                  "pending": false,
                  "context": null,
                  "code": "cy.get(`main ${EVALUATION_FORM}`).should('exist');",
                  "err": {},
                  "uuid": "b3b58670-b638-411f-b761-d0f398feb088",
                  "parentUUID": "66ad1b6f-5046-4ec4-8c00-957b9235e9e2",
                  "isHook": false,
                  "skipped": false
                },
                {
                  "title": "O elemento main é um flex-container",
                  "fullTitle": "Trybewarts 5 - Adicione um formulário no corpo da página O elemento main é um flex-container",
                  "timedOut": null,
                  "duration": 108,
                  "state": "passed",
                  "speed": "fast",
                  "pass": true,
                  "fail": false,
                  "pending": false,
                  "context": null,
                  "code": "cy.get('main').should('have.css', 'display', 'flex');",
                  "err": {},
                  "uuid": "4722a84c-ff7e-4a8e-89b7-33dd13b7068a",
                  "parentUUID": "66ad1b6f-5046-4ec4-8c00-957b9235e9e2",
                  "isHook": false,
                  "skipped": false
                },
                {
                  "title": "O formulário é um flex-container",
                  "fullTitle": "Trybewarts 5 - Adicione um formulário no corpo da página O formulário é um flex-container",
                  "timedOut": null,
                  "duration": 91,
                  "state": "passed",
                  "speed": "fast",
                  "pass": true,
                  "fail": false,
                  "pending": false,
                  "context": null,
                  "code": "cy.get(EVALUATION_FORM).should('have.css', 'display', 'flex');",
                  "err": {},
                  "uuid": "da5d556c-7c6f-49dd-8424-755aafb11eae",
                  "parentUUID": "66ad1b6f-5046-4ec4-8c00-957b9235e9e2",
                  "isHook": false,
                  "skipped": false
                },
                {
                  "title": "O formulário tem a largura igual a 675px",
                  "fullTitle": "Trybewarts 5 - Adicione um formulário no corpo da página O formulário tem a largura igual a 675px",
                  "timedOut": null,
                  "duration": 97,
                  "state": "passed",
                  "speed": "fast",
                  "pass": true,
                  "fail": false,
                  "pending": false,
                  "context": null,
                  "code": "cy.get(EVALUATION_FORM).should('have.css', 'width', '675px');",
                  "err": {},
                  "uuid": "ea931815-5e24-4690-ba9f-b4c1ab36bfd1",
                  "parentUUID": "66ad1b6f-5046-4ec4-8c00-957b9235e9e2",
                  "isHook": false,
                  "skipped": false
                }
              ],
              "suites": [],
              "passes": [
                "f411c2fc-bfcc-49dc-8e3b-2e0aecef0ecd",
                "b3b58670-b638-411f-b761-d0f398feb088",
                "4722a84c-ff7e-4a8e-89b7-33dd13b7068a",
                "da5d556c-7c6f-49dd-8424-755aafb11eae",
                "ea931815-5e24-4690-ba9f-b4c1ab36bfd1"
              ],
              "failures": [],
              "pending": [],
              "skipped": [],
              "duration": 490,
              "root": false,
              "rootEmpty": false,
              "_timeout": 2000
            },
            {
              "uuid": "19086782-c26e-49f4-9291-5886c26707ca",
              "title": "6 - Faça com que o formulário se estabeleça na direção vertical",
              "fullFile": "",
              "file": "",
              "beforeHooks": [],
              "afterHooks": [],
              "tests": [
                {
                  "title": "O eixo principal do formulário com id \"evaluation-form\" é vertical",
                  "fullTitle": "Trybewarts 6 - Faça com que o formulário se estabeleça na direção vertical O eixo principal do formulário com id \"evaluation-form\" é vertical",
                  "timedOut": null,
                  "duration": 97,
                  "state": "passed",
                  "speed": "fast",
                  "pass": true,
                  "fail": false,
                  "pending": false,
                  "context": null,
                  "code": "cy.get(EVALUATION_FORM).should('have.css', 'flex-direction', 'column');",
                  "err": {},
                  "uuid": "a2b408f9-f0ec-4b98-8eb4-314ec99a7b11",
                  "parentUUID": "19086782-c26e-49f4-9291-5886c26707ca",
                  "isHook": false,
                  "skipped": false
                }
              ],
              "suites": [],
              "passes": [
                "a2b408f9-f0ec-4b98-8eb4-314ec99a7b11"
              ],
              "failures": [],
              "pending": [],
              "skipped": [],
              "duration": 97,
              "root": false,
              "rootEmpty": false,
              "_timeout": 2000
            },
            {
              "uuid": "b8901377-af2e-4ff6-a321-77a62ef6f516",
              "title": "7 - Adicione a logo da Trybewarts no lado direito da página",
              "fullFile": "",
              "file": "",
              "beforeHooks": [],
              "afterHooks": [],
              "tests": [
                {
                  "title": "Possui o id trybewarts-forms-logo",
                  "fullTitle": "Trybewarts 7 - Adicione a logo da Trybewarts no lado direito da página Possui o id trybewarts-forms-logo",
                  "timedOut": null,
                  "duration": 120,
                  "state": "passed",
                  "speed": "fast",
                  "pass": true,
                  "fail": false,
                  "pending": false,
                  "context": null,
                  "code": "cy.get(TRYBEWARTS_LOGO_FORMS_SELECTOR).should('exist');",
                  "err": {},
                  "uuid": "52d864a5-d05c-4588-8ed7-4f49e25f1502",
                  "parentUUID": "b8901377-af2e-4ff6-a321-77a62ef6f516",
                  "isHook": false,
                  "skipped": false
                },
                {
                  "title": "O atributo `src` do logotipo aponta para `images/trybewarts-colored.svg`",
                  "fullTitle": "Trybewarts 7 - Adicione a logo da Trybewarts no lado direito da página O atributo `src` do logotipo aponta para `images/trybewarts-colored.svg`",
                  "timedOut": null,
                  "duration": 116,
                  "state": "passed",
                  "speed": "fast",
                  "pass": true,
                  "fail": false,
                  "pending": false,
                  "context": null,
                  "code": "cy.get(TRYBEWARTS_LOGO_FORMS_SELECTOR).should('have.attr', 'src').and('match', /images\\/trybewarts-colored\\.svg/);",
                  "err": {},
                  "uuid": "8533ccb7-2014-4dfb-9ec2-84dec7e16c91",
                  "parentUUID": "b8901377-af2e-4ff6-a321-77a62ef6f516",
                  "isHook": false,
                  "skipped": false
                },
                {
                  "title": "A imagem deve possuir um `height` de `500px`",
                  "fullTitle": "Trybewarts 7 - Adicione a logo da Trybewarts no lado direito da página A imagem deve possuir um `height` de `500px`",
                  "timedOut": null,
                  "duration": 86,
                  "state": "passed",
                  "speed": "fast",
                  "pass": true,
                  "fail": false,
                  "pending": false,
                  "context": null,
                  "code": "cy.get(TRYBEWARTS_LOGO_FORMS_SELECTOR).should('have.css', 'height', '500px');",
                  "err": {},
                  "uuid": "9ee9ccb0-0b38-4312-b1b1-92fa3774c9c6",
                  "parentUUID": "b8901377-af2e-4ff6-a321-77a62ef6f516",
                  "isHook": false,
                  "skipped": false
                },
                {
                  "title": "A imagem deve estar posicionada a direita do formulário com id `evaluation-form`",
                  "fullTitle": "Trybewarts 7 - Adicione a logo da Trybewarts no lado direito da página A imagem deve estar posicionada a direita do formulário com id `evaluation-form`",
                  "timedOut": null,
                  "duration": 113,
                  "state": "passed",
                  "speed": "fast",
                  "pass": true,
                  "fail": false,
                  "pending": false,
                  "context": null,
                  "code": "cy.get(TRYBEWARTS_LOGO_FORMS_SELECTOR).should('be.rightOf', EVALUATION_FORM);",
                  "err": {},
                  "uuid": "2a915a6e-1130-4491-a226-ff181e4e03b4",
                  "parentUUID": "b8901377-af2e-4ff6-a321-77a62ef6f516",
                  "isHook": false,
                  "skipped": false
                }
              ],
              "suites": [],
              "passes": [
                "52d864a5-d05c-4588-8ed7-4f49e25f1502",
                "8533ccb7-2014-4dfb-9ec2-84dec7e16c91",
                "9ee9ccb0-0b38-4312-b1b1-92fa3774c9c6",
                "2a915a6e-1130-4491-a226-ff181e4e03b4"
              ],
              "failures": [],
              "pending": [],
              "skipped": [],
              "duration": 435,
              "root": false,
              "rootEmpty": false,
              "_timeout": 2000
            },
            {
              "uuid": "913d1ce2-8105-48e1-89c7-41a1ca9e6914",
              "title": "8 - Acrescente inputs de `nome`, `sobrenome` e `email` ao formulário",
              "fullFile": "",
              "file": "",
              "beforeHooks": [],
              "afterHooks": [],
              "tests": [
                {
                  "title": "Existe um input com o id \"input-name\" e placeholder \"Nome\"",
                  "fullTitle": "Trybewarts 8 - Acrescente inputs de `nome`, `sobrenome` e `email` ao formulário Existe um input com o id \"input-name\" e placeholder \"Nome\"",
                  "timedOut": null,
                  "duration": 97,
                  "state": "passed",
                  "speed": "fast",
                  "pass": true,
                  "fail": false,
                  "pending": false,
                  "context": null,
                  "code": "cy.get(`input#${id}`).should('exist').and('have.attr', 'placeholder', placeholder);",
                  "err": {},
                  "uuid": "47535cd4-36b7-4b75-a7a9-b1be5e5cb966",
                  "parentUUID": "913d1ce2-8105-48e1-89c7-41a1ca9e6914",
                  "isHook": false,
                  "skipped": false
                },
                {
                  "title": "Existe um input com o id \"input-lastname\" e placeholder \"Sobrenome\"",
                  "fullTitle": "Trybewarts 8 - Acrescente inputs de `nome`, `sobrenome` e `email` ao formulário Existe um input com o id \"input-lastname\" e placeholder \"Sobrenome\"",
                  "timedOut": null,
                  "duration": 83,
                  "state": "passed",
                  "speed": "fast",
                  "pass": true,
                  "fail": false,
                  "pending": false,
                  "context": null,
                  "code": "cy.get(`input#${id}`).should('exist').and('have.attr', 'placeholder', placeholder);",
                  "err": {},
                  "uuid": "b53e1225-adb4-4392-9e70-77e5b1db4a50",
                  "parentUUID": "913d1ce2-8105-48e1-89c7-41a1ca9e6914",
                  "isHook": false,
                  "skipped": false
                },
                {
                  "title": "Existe um input com o id \"input-email\" e placeholder \"Email\"",
                  "fullTitle": "Trybewarts 8 - Acrescente inputs de `nome`, `sobrenome` e `email` ao formulário Existe um input com o id \"input-email\" e placeholder \"Email\"",
                  "timedOut": null,
                  "duration": 86,
                  "state": "passed",
                  "speed": "fast",
                  "pass": true,
                  "fail": false,
                  "pending": false,
                  "context": null,
                  "code": "cy.get(`input#${id}`).should('exist').and('have.attr', 'placeholder', placeholder);",
                  "err": {},
                  "uuid": "7bc78a0b-8b77-49dd-a2b3-f3ab327b42d0",
                  "parentUUID": "913d1ce2-8105-48e1-89c7-41a1ca9e6914",
                  "isHook": false,
                  "skipped": false
                }
              ],
              "suites": [],
              "passes": [
                "47535cd4-36b7-4b75-a7a9-b1be5e5cb966",
                "b53e1225-adb4-4392-9e70-77e5b1db4a50",
                "7bc78a0b-8b77-49dd-a2b3-f3ab327b42d0"
              ],
              "failures": [],
              "pending": [],
              "skipped": [],
              "duration": 266,
              "root": false,
              "rootEmpty": false,
              "_timeout": 2000
            },
            {
              "uuid": "7b7f6419-c9c5-4d6c-af32-bd1259618be5",
              "title": "9 - Acrescente um `select` ao formulário com o `id` `house` contendo as opções `Gitnória`, `Reactpuff`, `Corvinode` e `Pytherina`",
              "fullFile": "",
              "file": "",
              "beforeHooks": [],
              "afterHooks": [],
              "tests": [
                {
                  "title": "Existe uma option com text e value igual a \"Gitnória\" e id igual a \"gitnoria-house\"",
                  "fullTitle": "Trybewarts 9 - Acrescente um `select` ao formulário com o `id` `house` contendo as opções `Gitnória`, `Reactpuff`, `Corvinode` e `Pytherina` Existe uma option com text e value igual a \"Gitnória\" e id igual a \"gitnoria-house\"",
                  "timedOut": null,
                  "duration": 90,
                  "state": "passed",
                  "speed": "fast",
                  "pass": true,
                  "fail": false,
                  "pending": false,
                  "context": null,
                  "code": "cy.get(`${HOUSES_SELECTOR} option#${id}`).then(option => {\n  expect(option).to.have.text(name);\n  expect(option).to.have.value(name);\n});",
                  "err": {},
                  "uuid": "40636509-a837-4e33-895b-5538a2d186ee",
                  "parentUUID": "7b7f6419-c9c5-4d6c-af32-bd1259618be5",
                  "isHook": false,
                  "skipped": false
                },
                {
                  "title": "Existe uma option com text e value igual a \"Reactpuff\" e id igual a \"reactpuff-house\"",
                  "fullTitle": "Trybewarts 9 - Acrescente um `select` ao formulário com o `id` `house` contendo as opções `Gitnória`, `Reactpuff`, `Corvinode` e `Pytherina` Existe uma option com text e value igual a \"Reactpuff\" e id igual a \"reactpuff-house\"",
                  "timedOut": null,
                  "duration": 106,
                  "state": "passed",
                  "speed": "fast",
                  "pass": true,
                  "fail": false,
                  "pending": false,
                  "context": null,
                  "code": "cy.get(`${HOUSES_SELECTOR} option#${id}`).then(option => {\n  expect(option).to.have.text(name);\n  expect(option).to.have.value(name);\n});",
                  "err": {},
                  "uuid": "46abef0b-1baf-4d56-a368-6d20b8fc79b7",
                  "parentUUID": "7b7f6419-c9c5-4d6c-af32-bd1259618be5",
                  "isHook": false,
                  "skipped": false
                },
                {
                  "title": "Existe uma option com text e value igual a \"Corvinode\" e id igual a \"corvinode-house\"",
                  "fullTitle": "Trybewarts 9 - Acrescente um `select` ao formulário com o `id` `house` contendo as opções `Gitnória`, `Reactpuff`, `Corvinode` e `Pytherina` Existe uma option com text e value igual a \"Corvinode\" e id igual a \"corvinode-house\"",
                  "timedOut": null,
                  "duration": 89,
                  "state": "passed",
                  "speed": "fast",
                  "pass": true,
                  "fail": false,
                  "pending": false,
                  "context": null,
                  "code": "cy.get(`${HOUSES_SELECTOR} option#${id}`).then(option => {\n  expect(option).to.have.text(name);\n  expect(option).to.have.value(name);\n});",
                  "err": {},
                  "uuid": "c0a02ae0-348a-4355-bd10-20efa0a0f250",
                  "parentUUID": "7b7f6419-c9c5-4d6c-af32-bd1259618be5",
                  "isHook": false,
                  "skipped": false
                },
                {
                  "title": "Existe uma option com text e value igual a \"Pytherina\" e id igual a \"pytherina-house\"",
                  "fullTitle": "Trybewarts 9 - Acrescente um `select` ao formulário com o `id` `house` contendo as opções `Gitnória`, `Reactpuff`, `Corvinode` e `Pytherina` Existe uma option com text e value igual a \"Pytherina\" e id igual a \"pytherina-house\"",
                  "timedOut": null,
                  "duration": 86,
                  "state": "passed",
                  "speed": "fast",
                  "pass": true,
                  "fail": false,
                  "pending": false,
                  "context": null,
                  "code": "cy.get(`${HOUSES_SELECTOR} option#${id}`).then(option => {\n  expect(option).to.have.text(name);\n  expect(option).to.have.value(name);\n});",
                  "err": {},
                  "uuid": "1581d87c-d698-48e4-b881-c5f17c9c2778",
                  "parentUUID": "7b7f6419-c9c5-4d6c-af32-bd1259618be5",
                  "isHook": false,
                  "skipped": false
                }
              ],
              "suites": [],
              "passes": [
                "40636509-a837-4e33-895b-5538a2d186ee",
                "46abef0b-1baf-4d56-a368-6d20b8fc79b7",
                "c0a02ae0-348a-4355-bd10-20efa0a0f250",
                "1581d87c-d698-48e4-b881-c5f17c9c2778"
              ],
              "failures": [],
              "pending": [],
              "skipped": [],
              "duration": 371,
              "root": false,
              "rootEmpty": false,
              "_timeout": 2000
            },
            {
              "uuid": "828284fb-108d-4b47-861c-26ba7546c62e",
              "title": "10 - Posicione os campos de `Nome` e `Sobrenome` lado a lado",
              "fullFile": "",
              "file": "",
              "beforeHooks": [],
              "afterHooks": [],
              "tests": [
                {
                  "title": "O campo de \"Sobrenome\" está a direita do campo de \"Nome\"",
                  "fullTitle": "Trybewarts 10 - Posicione os campos de `Nome` e `Sobrenome` lado a lado O campo de \"Sobrenome\" está a direita do campo de \"Nome\"",
                  "timedOut": null,
                  "duration": 106,
                  "state": "passed",
                  "speed": "fast",
                  "pass": true,
                  "fail": false,
                  "pending": false,
                  "context": null,
                  "code": "cy.get(USER_LASTNAME_INPUT_SELECTOR).should('be.rightOf', USER_NAME_INPUT_SELECTOR);",
                  "err": {},
                  "uuid": "19feef2c-53ee-45d8-b6e2-620b3b186a1d",
                  "parentUUID": "828284fb-108d-4b47-861c-26ba7546c62e",
                  "isHook": false,
                  "skipped": false
                }
              ],
              "suites": [],
              "passes": [
                "19feef2c-53ee-45d8-b6e2-620b3b186a1d"
              ],
              "failures": [],
              "pending": [],
              "skipped": [],
              "duration": 106,
              "root": false,
              "rootEmpty": false,
              "_timeout": 2000
            },
            {
              "uuid": "e1bd0f6d-8785-4628-842f-016454d0b076",
              "title": "11 - Posicione os campos de `Email` e `Casa` lado a lado",
              "fullFile": "",
              "file": "",
              "beforeHooks": [],
              "afterHooks": [],
              "tests": [
                {
                  "title": "O select das casas está a direita do campo de \"Email\"",
                  "fullTitle": "Trybewarts 11 - Posicione os campos de `Email` e `Casa` lado a lado O select das casas está a direita do campo de \"Email\"",
                  "timedOut": null,
                  "duration": 97,
                  "state": "passed",
                  "speed": "fast",
                  "pass": true,
                  "fail": false,
                  "pending": false,
                  "context": null,
                  "code": "cy.get(HOUSES_SELECTOR).should('be.rightOf', USER_EMAIL_INPUT_SELECTOR);",
                  "err": {},
                  "uuid": "54eea074-a4d5-4a3d-a550-4aa8bfe4d974",
                  "parentUUID": "e1bd0f6d-8785-4628-842f-016454d0b076",
                  "isHook": false,
                  "skipped": false
                }
              ],
              "suites": [],
              "passes": [
                "54eea074-a4d5-4a3d-a550-4aa8bfe4d974"
              ],
              "failures": [],
              "pending": [],
              "skipped": [],
              "duration": 97,
              "root": false,
              "rootEmpty": false,
              "_timeout": 2000
            },
            {
              "uuid": "c4c74224-6474-4a0c-a7ff-fd28f06ae3ce",
              "title": "12 - Adicione 3 inputs do tipo `radio` ao formulário",
              "fullFile": "",
              "file": "",
              "beforeHooks": [],
              "afterHooks": [],
              "tests": [
                {
                  "title": "Um elemento com o id \"label-family\" e o texto \"Qual sua família?\" deverá ser criado",
                  "fullTitle": "Trybewarts 12 - Adicione 3 inputs do tipo `radio` ao formulário Um elemento com o id \"label-family\" e o texto \"Qual sua família?\" deverá ser criado",
                  "timedOut": null,
                  "duration": 10124,
                  "state": "failed",
                  "speed": null,
                  "pass": false,
                  "fail": true,
                  "pending": false,
                  "context": null,
                  "code": "cy.get(`${EVALUATION_FORM} #label-family`).should('have.text', LABEL_FAMILY_TEXT);",
                  "err": {
                    "message": "AssertionError: Timed out retrying after 10000ms: Expected to find element: `form#evaluation-form #label-family`, but never found it.",
                    "estack": "AssertionError: Timed out retrying after 10000ms: Expected to find element: `form#evaluation-form #label-family`, but never found it.\n    at Context.eval (http://localhost:63111/__cypress/tests?p=cypress/integration/project.spec.js:284:50)",
                    "diff": null
                  },
                  "uuid": "986b937f-7a9d-496d-a74a-a1241046ce26",
                  "parentUUID": "c4c74224-6474-4a0c-a7ff-fd28f06ae3ce",
                  "isHook": false,
                  "skipped": false
                },
                {
                  "title": "Deverá haver um input do tipo radio, com value igual a \"Frontend\" e name igual a \"family\"",
                  "fullTitle": "Trybewarts 12 - Adicione 3 inputs do tipo `radio` ao formulário Deverá haver um input do tipo radio, com value igual a \"Frontend\" e name igual a \"family\"",
                  "timedOut": null,
                  "duration": 200,
                  "state": "passed",
                  "speed": "fast",
                  "pass": true,
                  "fail": false,
                  "pending": false,
                  "context": null,
                  "code": "cy.get(`input[value=${family}]`).should('exist').and('have.attr', 'type', 'radio').and('have.attr', 'name', 'family');",
                  "err": {},
                  "uuid": "94eaa186-d3df-4328-b29a-c614574d05e2",
                  "parentUUID": "c4c74224-6474-4a0c-a7ff-fd28f06ae3ce",
                  "isHook": false,
                  "skipped": false
                },
                {
                  "title": "Deverá haver um input do tipo radio, com value igual a \"Backend\" e name igual a \"family\"",
                  "fullTitle": "Trybewarts 12 - Adicione 3 inputs do tipo `radio` ao formulário Deverá haver um input do tipo radio, com value igual a \"Backend\" e name igual a \"family\"",
                  "timedOut": null,
                  "duration": 119,
                  "state": "passed",
                  "speed": "fast",
                  "pass": true,
                  "fail": false,
                  "pending": false,
                  "context": null,
                  "code": "cy.get(`input[value=${family}]`).should('exist').and('have.attr', 'type', 'radio').and('have.attr', 'name', 'family');",
                  "err": {},
                  "uuid": "b1734e72-f7e8-46d8-9491-670be56696dc",
                  "parentUUID": "c4c74224-6474-4a0c-a7ff-fd28f06ae3ce",
                  "isHook": false,
                  "skipped": false
                },
                {
                  "title": "Deverá haver um input do tipo radio, com value igual a \"FullStack\" e name igual a \"family\"",
                  "fullTitle": "Trybewarts 12 - Adicione 3 inputs do tipo `radio` ao formulário Deverá haver um input do tipo radio, com value igual a \"FullStack\" e name igual a \"family\"",
                  "timedOut": null,
                  "duration": 105,
                  "state": "passed",
                  "speed": "fast",
                  "pass": true,
                  "fail": false,
                  "pending": false,
                  "context": null,
                  "code": "cy.get(`input[value=${family}]`).should('exist').and('have.attr', 'type', 'radio').and('have.attr', 'name', 'family');",
                  "err": {},
                  "uuid": "f72b7a6b-2701-465b-a7a6-199c2b7f44d8",
                  "parentUUID": "c4c74224-6474-4a0c-a7ff-fd28f06ae3ce",
                  "isHook": false,
                  "skipped": false
                },
                {
                  "title": "Posicione os radio buttons para ficar abaixo um do outro, na sequência \"Frontend\", \"Backend\" e \"Fullstack\"",
                  "fullTitle": "Trybewarts 12 - Adicione 3 inputs do tipo `radio` ao formulário Posicione os radio buttons para ficar abaixo um do outro, na sequência \"Frontend\", \"Backend\" e \"Fullstack\"",
                  "timedOut": null,
                  "duration": 103,
                  "state": "passed",
                  "speed": "fast",
                  "pass": true,
                  "fail": false,
                  "pending": false,
                  "context": null,
                  "code": "cy.get('input[value=\"Backend\"]').should('be.below', 'input[value=\"Frontend\"]');\ncy.get('input[value=\"FullStack\"]').should('be.below', 'input[value=\"Backend\"]');",
                  "err": {},
                  "uuid": "7226e5eb-101d-4306-b200-7ba08847fa25",
                  "parentUUID": "c4c74224-6474-4a0c-a7ff-fd28f06ae3ce",
                  "isHook": false,
                  "skipped": false
                },
                {
                  "title": "Posicione os radio buttons abaixo do label com id \"label-family\"",
                  "fullTitle": "Trybewarts 12 - Adicione 3 inputs do tipo `radio` ao formulário Posicione os radio buttons abaixo do label com id \"label-family\"",
                  "timedOut": null,
                  "duration": 106,
                  "state": "passed",
                  "speed": "fast",
                  "pass": true,
                  "fail": false,
                  "pending": false,
                  "context": null,
                  "code": "FAMILIES.forEach(family => {\n  cy.get(`input[value=\"${family}\"]`).should('be.below', '#label-family');\n});",
                  "err": {},
                  "uuid": "4abb4a85-9266-43d1-a94e-b7580246fc5e",
                  "parentUUID": "c4c74224-6474-4a0c-a7ff-fd28f06ae3ce",
                  "isHook": false,
                  "skipped": false
                }
              ],
              "suites": [],
              "passes": [
                "94eaa186-d3df-4328-b29a-c614574d05e2",
                "b1734e72-f7e8-46d8-9491-670be56696dc",
                "f72b7a6b-2701-465b-a7a6-199c2b7f44d8",
                "7226e5eb-101d-4306-b200-7ba08847fa25",
                "4abb4a85-9266-43d1-a94e-b7580246fc5e"
              ],
              "failures": [
                "986b937f-7a9d-496d-a74a-a1241046ce26"
              ],
              "pending": [],
              "skipped": [],
              "duration": 10757,
              "root": false,
              "rootEmpty": false,
              "_timeout": 2000
            },
            {
              "uuid": "b7ca9c50-53cf-429d-adb3-d721a7335b32",
              "title": "13 - Crie 6 inputs do tipo `checkbox`",
              "fullFile": "",
              "file": "",
              "beforeHooks": [],
              "afterHooks": [],
              "tests": [
                {
                  "title": "Existe um elemento com o id \"label-content\" e o texto \"Qual conteúdo você está com mais vontade de aprender?\"",
                  "fullTitle": "Trybewarts 13 - Crie 6 inputs do tipo `checkbox` Existe um elemento com o id \"label-content\" e o texto \"Qual conteúdo você está com mais vontade de aprender?\"",
                  "timedOut": null,
                  "duration": 104,
                  "state": "passed",
                  "speed": "fast",
                  "pass": true,
                  "fail": false,
                  "pending": false,
                  "context": null,
                  "code": "cy.get('#label-content').contains(LABEL_CONTENT_TEXT);",
                  "err": {},
                  "uuid": "a5313a05-17dd-411e-b9fa-783e191345d9",
                  "parentUUID": "b7ca9c50-53cf-429d-adb3-d721a7335b32",
                  "isHook": false,
                  "skipped": false
                },
                {
                  "title": "Existe uma checkbox com a classe \"subject\" e value igual a HoFs",
                  "fullTitle": "Trybewarts 13 - Crie 6 inputs do tipo `checkbox` Existe uma checkbox com a classe \"subject\" e value igual a HoFs",
                  "timedOut": null,
                  "duration": 10135,
                  "state": "failed",
                  "speed": null,
                  "pass": false,
                  "fail": true,
                  "pending": false,
                  "context": null,
                  "code": "cy.get(`${EVALUATION_FORM} input[value=${checkbox}]`).should('exist').and('have.class', 'subject');",
                  "err": {
                    "message": "AssertionError: Timed out retrying after 10000ms: Expected to find element: `form#evaluation-form input[value=HoFs]`, but never found it.",
                    "estack": "AssertionError: Timed out retrying after 10000ms: Expected to find element: `form#evaluation-form input[value=HoFs]`, but never found it.\n    at Context.eval (http://localhost:63111/__cypress/tests?p=cypress/integration/project.spec.js:309:63)",
                    "diff": null
                  },
                  "uuid": "f9095d61-39da-46ff-9598-b49a11f283ba",
                  "parentUUID": "b7ca9c50-53cf-429d-adb3-d721a7335b32",
                  "isHook": false,
                  "skipped": false
                },
                {
                  "title": "Existe uma checkbox com a classe \"subject\" e value igual a Jest",
                  "fullTitle": "Trybewarts 13 - Crie 6 inputs do tipo `checkbox` Existe uma checkbox com a classe \"subject\" e value igual a Jest",
                  "timedOut": null,
                  "duration": 10158,
                  "state": "failed",
                  "speed": null,
                  "pass": false,
                  "fail": true,
                  "pending": false,
                  "context": null,
                  "code": "cy.get(`${EVALUATION_FORM} input[value=${checkbox}]`).should('exist').and('have.class', 'subject');",
                  "err": {
                    "message": "AssertionError: Timed out retrying after 10000ms: Expected to find element: `form#evaluation-form input[value=Jest]`, but never found it.",
                    "estack": "AssertionError: Timed out retrying after 10000ms: Expected to find element: `form#evaluation-form input[value=Jest]`, but never found it.\n    at Context.eval (http://localhost:63111/__cypress/tests?p=cypress/integration/project.spec.js:309:63)",
                    "diff": null
                  },
                  "uuid": "7d0945ae-3e58-4679-865c-62be2c5fa2b9",
                  "parentUUID": "b7ca9c50-53cf-429d-adb3-d721a7335b32",
                  "isHook": false,
                  "skipped": false
                },
                {
                  "title": "Existe uma checkbox com a classe \"subject\" e value igual a Promises",
                  "fullTitle": "Trybewarts 13 - Crie 6 inputs do tipo `checkbox` Existe uma checkbox com a classe \"subject\" e value igual a Promises",
                  "timedOut": null,
                  "duration": 10144,
                  "state": "failed",
                  "speed": null,
                  "pass": false,
                  "fail": true,
                  "pending": false,
                  "context": null,
                  "code": "cy.get(`${EVALUATION_FORM} input[value=${checkbox}]`).should('exist').and('have.class', 'subject');",
                  "err": {
                    "message": "AssertionError: Timed out retrying after 10000ms: Expected to find element: `form#evaluation-form input[value=Promises]`, but never found it.",
                    "estack": "AssertionError: Timed out retrying after 10000ms: Expected to find element: `form#evaluation-form input[value=Promises]`, but never found it.\n    at Context.eval (http://localhost:63111/__cypress/tests?p=cypress/integration/project.spec.js:309:63)",
                    "diff": null
                  },
                  "uuid": "25cac835-9a26-4e47-813f-d36e64e1876b",
                  "parentUUID": "b7ca9c50-53cf-429d-adb3-d721a7335b32",
                  "isHook": false,
                  "skipped": false
                },
                {
                  "title": "Existe uma checkbox com a classe \"subject\" e value igual a React",
                  "fullTitle": "Trybewarts 13 - Crie 6 inputs do tipo `checkbox` Existe uma checkbox com a classe \"subject\" e value igual a React",
                  "timedOut": null,
                  "duration": 10122,
                  "state": "failed",
                  "speed": null,
                  "pass": false,
                  "fail": true,
                  "pending": false,
                  "context": null,
                  "code": "cy.get(`${EVALUATION_FORM} input[value=${checkbox}]`).should('exist').and('have.class', 'subject');",
                  "err": {
                    "message": "AssertionError: Timed out retrying after 10000ms: Expected to find element: `form#evaluation-form input[value=React]`, but never found it.",
                    "estack": "AssertionError: Timed out retrying after 10000ms: Expected to find element: `form#evaluation-form input[value=React]`, but never found it.\n    at Context.eval (http://localhost:63111/__cypress/tests?p=cypress/integration/project.spec.js:309:63)",
                    "diff": null
                  },
                  "uuid": "0b8c144c-87cf-45a1-a05e-a05df4ea5921",
                  "parentUUID": "b7ca9c50-53cf-429d-adb3-d721a7335b32",
                  "isHook": false,
                  "skipped": false
                },
                {
                  "title": "Existe uma checkbox com a classe \"subject\" e value igual a SQL",
                  "fullTitle": "Trybewarts 13 - Crie 6 inputs do tipo `checkbox` Existe uma checkbox com a classe \"subject\" e value igual a SQL",
                  "timedOut": null,
                  "duration": 10110,
                  "state": "failed",
                  "speed": null,
                  "pass": false,
                  "fail": true,
                  "pending": false,
                  "context": null,
                  "code": "cy.get(`${EVALUATION_FORM} input[value=${checkbox}]`).should('exist').and('have.class', 'subject');",
                  "err": {
                    "message": "AssertionError: Timed out retrying after 10000ms: Expected to find element: `form#evaluation-form input[value=SQL]`, but never found it.",
                    "estack": "AssertionError: Timed out retrying after 10000ms: Expected to find element: `form#evaluation-form input[value=SQL]`, but never found it.\n    at Context.eval (http://localhost:63111/__cypress/tests?p=cypress/integration/project.spec.js:309:63)",
                    "diff": null
                  },
                  "uuid": "911d418f-c5f1-4cac-b563-34ce8e5cc032",
                  "parentUUID": "b7ca9c50-53cf-429d-adb3-d721a7335b32",
                  "isHook": false,
                  "skipped": false
                },
                {
                  "title": "Existe uma checkbox com a classe \"subject\" e value igual a Python",
                  "fullTitle": "Trybewarts 13 - Crie 6 inputs do tipo `checkbox` Existe uma checkbox com a classe \"subject\" e value igual a Python",
                  "timedOut": null,
                  "duration": 10108,
                  "state": "failed",
                  "speed": null,
                  "pass": false,
                  "fail": true,
                  "pending": false,
                  "context": null,
                  "code": "cy.get(`${EVALUATION_FORM} input[value=${checkbox}]`).should('exist').and('have.class', 'subject');",
                  "err": {
                    "message": "AssertionError: Timed out retrying after 10000ms: Expected to find element: `form#evaluation-form input[value=Python]`, but never found it.",
                    "estack": "AssertionError: Timed out retrying after 10000ms: Expected to find element: `form#evaluation-form input[value=Python]`, but never found it.\n    at Context.eval (http://localhost:63111/__cypress/tests?p=cypress/integration/project.spec.js:309:63)",
                    "diff": null
                  },
                  "uuid": "1a00ea11-3a82-409d-ae16-fba8fb965b43",
                  "parentUUID": "b7ca9c50-53cf-429d-adb3-d721a7335b32",
                  "isHook": false,
                  "skipped": false
                },
                {
                  "title": "As checkboxes estão posicionadas abaixo do label com id \"label-content\"",
                  "fullTitle": "Trybewarts 13 - Crie 6 inputs do tipo `checkbox` As checkboxes estão posicionadas abaixo do label com id \"label-content\"",
                  "timedOut": null,
                  "duration": 10163,
                  "state": "failed",
                  "speed": null,
                  "pass": false,
                  "fail": true,
                  "pending": false,
                  "context": null,
                  "code": "CHECKBOXES.forEach(checkbox => {\n  cy.get(`${EVALUATION_FORM} input[value=${checkbox}]`).should('be.below', `${EVALUATION_FORM} #label-content`);\n});",
                  "err": {
                    "message": "AssertionError: Timed out retrying after 10000ms: Expected to find element: `form#evaluation-form input[value=HoFs]`, but never found it.",
                    "estack": "AssertionError: Timed out retrying after 10000ms: Expected to find element: `form#evaluation-form input[value=HoFs]`, but never found it.\n    at eval (http://localhost:63111/__cypress/tests?p=cypress/integration/project.spec.js:314:63)\nat Array.forEach (<anonymous>)\n    at Context.eval (http://localhost:63111/__cypress/tests?p=cypress/integration/project.spec.js:313:18)",
                    "diff": null
                  },
                  "uuid": "ddb43e0f-1ece-4ccd-a2c4-8e04c0fa9363",
                  "parentUUID": "b7ca9c50-53cf-429d-adb3-d721a7335b32",
                  "isHook": false,
                  "skipped": false
                }
              ],
              "suites": [],
              "passes": [
                "a5313a05-17dd-411e-b9fa-783e191345d9"
              ],
              "failures": [
                "f9095d61-39da-46ff-9598-b49a11f283ba",
                "7d0945ae-3e58-4679-865c-62be2c5fa2b9",
                "25cac835-9a26-4e47-813f-d36e64e1876b",
                "0b8c144c-87cf-45a1-a05e-a05df4ea5921",
                "911d418f-c5f1-4cac-b563-34ce8e5cc032",
                "1a00ea11-3a82-409d-ae16-fba8fb965b43",
                "ddb43e0f-1ece-4ccd-a2c4-8e04c0fa9363"
              ],
              "pending": [],
              "skipped": [],
              "duration": 71044,
              "root": false,
              "rootEmpty": false,
              "_timeout": 2000
            },
            {
              "uuid": "26046ef0-83a0-40c6-a50c-d281484c6e47",
              "title": "14 - Crie um campo de entrada para avaliar de 1 a 10 o nível de satisfação com a Trybewarts",
              "fullFile": "",
              "file": "",
              "beforeHooks": [],
              "afterHooks": [],
              "tests": [
                {
                  "title": "Um elemento com o id label-rate e o texto \"Como você avalia a Trybewarts?\" deverá ser criado",
                  "fullTitle": "Trybewarts 14 - Crie um campo de entrada para avaliar de 1 a 10 o nível de satisfação com a Trybewarts Um elemento com o id label-rate e o texto \"Como você avalia a Trybewarts?\" deverá ser criado",
                  "timedOut": null,
                  "duration": 10219,
                  "state": "failed",
                  "speed": null,
                  "pass": false,
                  "fail": true,
                  "pending": false,
                  "context": null,
                  "code": "cy.get('#label-rate').contains(LABEL_RATE_TEXT);",
                  "err": {
                    "message": "AssertionError: Timed out retrying after 10000ms: Expected to find element: `#label-rate`, but never found it.",
                    "estack": "AssertionError: Timed out retrying after 10000ms: Expected to find element: `#label-rate`, but never found it.\n    at Context.eval (http://localhost:63111/__cypress/tests?p=cypress/integration/project.spec.js:320:10)",
                    "diff": null
                  },
                  "uuid": "0d63acce-8fe8-4be7-9dda-5c1b143d299b",
                  "parentUUID": "26046ef0-83a0-40c6-a50c-d281484c6e47",
                  "isHook": false,
                  "skipped": false
                },
                {
                  "title": "O campo deve ser formado por dez radio buttons, contendo as opções de 1 a 10",
                  "fullTitle": "Trybewarts 14 - Crie um campo de entrada para avaliar de 1 a 10 o nível de satisfação com a Trybewarts O campo deve ser formado por dez radio buttons, contendo as opções de 1 a 10",
                  "timedOut": null,
                  "duration": 10133,
                  "state": "failed",
                  "speed": null,
                  "pass": false,
                  "fail": true,
                  "pending": false,
                  "context": null,
                  "code": "cy.get('input[name=\"rate\"]').its('length').should('be.gt', 9);",
                  "err": {
                    "message": "AssertionError: Timed out retrying after 10000ms: Expected to find element: `input[name=\"rate\"]`, but never found it.",
                    "estack": "AssertionError: Timed out retrying after 10000ms: Expected to find element: `input[name=\"rate\"]`, but never found it.\n    at Context.eval (http://localhost:63111/__cypress/tests?p=cypress/integration/project.spec.js:323:10)",
                    "diff": null
                  },
                  "uuid": "78e9de5c-ff8f-4fc9-80a3-55b7b76fe85b",
                  "parentUUID": "26046ef0-83a0-40c6-a50c-d281484c6e47",
                  "isHook": false,
                  "skipped": false
                }
              ],
              "suites": [],
              "passes": [],
              "failures": [
                "0d63acce-8fe8-4be7-9dda-5c1b143d299b",
                "78e9de5c-ff8f-4fc9-80a3-55b7b76fe85b"
              ],
              "pending": [],
              "skipped": [],
              "duration": 20352,
              "root": false,
              "rootEmpty": false,
              "_timeout": 2000
            },
            {
              "uuid": "2fe3f028-1816-43d4-b0d6-25c514b8053e",
              "title": "15 - Crie um elemento `textarea`, de `id` `textarea` e número máximo de 500 caracteres",
              "fullFile": "",
              "file": "",
              "beforeHooks": [],
              "afterHooks": [],
              "tests": [
                {
                  "title": "Uma label com a classe textarea e o texto \"Deixe seu comentário:\" deverá ser criado\" ",
                  "fullTitle": "Trybewarts 15 - Crie um elemento `textarea`, de `id` `textarea` e número máximo de 500 caracteres Uma label com a classe textarea e o texto \"Deixe seu comentário:\" deverá ser criado\" ",
                  "timedOut": null,
                  "duration": 10135,
                  "state": "failed",
                  "speed": null,
                  "pass": false,
                  "fail": true,
                  "pending": false,
                  "context": null,
                  "code": "cy.get('.textarea').contains(LABEL_TEXTAREA);",
                  "err": {
                    "message": "AssertionError: Timed out retrying after 10000ms: Expected to find element: `.textarea`, but never found it.",
                    "estack": "AssertionError: Timed out retrying after 10000ms: Expected to find element: `.textarea`, but never found it.\n    at Context.eval (http://localhost:63111/__cypress/tests?p=cypress/integration/project.spec.js:328:10)",
                    "diff": null
                  },
                  "uuid": "2764f9ca-e0be-4ee1-8a36-70afe4008082",
                  "parentUUID": "2fe3f028-1816-43d4-b0d6-25c514b8053e",
                  "isHook": false,
                  "skipped": false
                },
                {
                  "title": "O campo textarea deverá ter o máximo de 500 caracteres",
                  "fullTitle": "Trybewarts 15 - Crie um elemento `textarea`, de `id` `textarea` e número máximo de 500 caracteres O campo textarea deverá ter o máximo de 500 caracteres",
                  "timedOut": null,
                  "duration": 10160,
                  "state": "failed",
                  "speed": null,
                  "pass": false,
                  "fail": true,
                  "pending": false,
                  "context": null,
                  "code": "cy.get('textarea').type('text'.repeat(200));\ncy.get('textarea').invoke('val').should(value => {\n  expect(value).to.match(/^[a-z]{500}$/);\n});",
                  "err": {
                    "message": "AssertionError: Timed out retrying after 10000ms: Expected to find element: `textarea`, but never found it.",
                    "estack": "AssertionError: Timed out retrying after 10000ms: Expected to find element: `textarea`, but never found it.\n    at Context.eval (http://localhost:63111/__cypress/tests?p=cypress/integration/project.spec.js:331:10)",
                    "diff": null
                  },
                  "uuid": "53bebe16-133a-43ad-8f07-e1633f46342a",
                  "parentUUID": "2fe3f028-1816-43d4-b0d6-25c514b8053e",
                  "isHook": false,
                  "skipped": false
                }
              ],
              "suites": [],
              "passes": [],
              "failures": [
                "2764f9ca-e0be-4ee1-8a36-70afe4008082",
                "53bebe16-133a-43ad-8f07-e1633f46342a"
              ],
              "pending": [],
              "skipped": [],
              "duration": 20295,
              "root": false,
              "rootEmpty": false,
              "_timeout": 2000
            },
            {
              "uuid": "dc38a5e2-0830-42f2-a54f-2ea1784d853a",
              "title": "16 - Crie um elemento `checkbox` para validar as informações digitadas pela pessoa usuária",
              "fullFile": "",
              "file": "",
              "beforeHooks": [],
              "afterHooks": [],
              "tests": [
                {
                  "title": "Uma label com o id \"label-infos\" deve possuir o texto \"Você concorda com o uso das informações acima?\"",
                  "fullTitle": "Trybewarts 16 - Crie um elemento `checkbox` para validar as informações digitadas pela pessoa usuária Uma label com o id \"label-infos\" deve possuir o texto \"Você concorda com o uso das informações acima?\"",
                  "timedOut": null,
                  "duration": 10153,
                  "state": "failed",
                  "speed": null,
                  "pass": false,
                  "fail": true,
                  "pending": false,
                  "context": null,
                  "code": "cy.get('label#label-infos').should('exist').contains('Você concorda com o uso das informações acima?');",
                  "err": {
                    "message": "AssertionError: Timed out retrying after 10000ms: Expected to find element: `label#label-infos`, but never found it.",
                    "estack": "AssertionError: Timed out retrying after 10000ms: Expected to find element: `label#label-infos`, but never found it.\n    at Context.eval (http://localhost:63111/__cypress/tests?p=cypress/integration/project.spec.js:339:35)",
                    "diff": null
                  },
                  "uuid": "2e23cb9c-e193-4c93-bda2-1d7409cf6f8d",
                  "parentUUID": "dc38a5e2-0830-42f2-a54f-2ea1784d853a",
                  "isHook": false,
                  "skipped": false
                },
                {
                  "title": "Um input do tipo checkbox deve existir e deve possuir o id \"agreement\"",
                  "fullTitle": "Trybewarts 16 - Crie um elemento `checkbox` para validar as informações digitadas pela pessoa usuária Um input do tipo checkbox deve existir e deve possuir o id \"agreement\"",
                  "timedOut": null,
                  "duration": 10163,
                  "state": "failed",
                  "speed": null,
                  "pass": false,
                  "fail": true,
                  "pending": false,
                  "context": null,
                  "code": "cy.get('input#agreement[type=\"checkbox\"]').should('exist');",
                  "err": {
                    "message": "AssertionError: Timed out retrying after 10000ms: Expected to find element: `input#agreement[type=\"checkbox\"]`, but never found it.",
                    "estack": "AssertionError: Timed out retrying after 10000ms: Expected to find element: `input#agreement[type=\"checkbox\"]`, but never found it.\n    at Context.eval (http://localhost:63111/__cypress/tests?p=cypress/integration/project.spec.js:342:50)",
                    "diff": null
                  },
                  "uuid": "33fb85ef-cc8b-425b-8b8d-29ea854a9a50",
                  "parentUUID": "dc38a5e2-0830-42f2-a54f-2ea1784d853a",
                  "isHook": false,
                  "skipped": false
                }
              ],
              "suites": [],
              "passes": [],
              "failures": [
                "2e23cb9c-e193-4c93-bda2-1d7409cf6f8d",
                "33fb85ef-cc8b-425b-8b8d-29ea854a9a50"
              ],
              "pending": [],
              "skipped": [],
              "duration": 20316,
              "root": false,
              "rootEmpty": false,
              "_timeout": 2000
            },
            {
              "uuid": "350f9964-7cb6-4863-88bb-8d11bb36899e",
              "title": "17 - Crie um botão de \"Enviar\" para submeter o formulário",
              "fullFile": "",
              "file": "",
              "beforeHooks": [],
              "afterHooks": [],
              "tests": [
                {
                  "title": "Deve existir um botão com o id \"submit-btn\" e o texto \"Enviar\"",
                  "fullTitle": "Trybewarts 17 - Crie um botão de \"Enviar\" para submeter o formulário Deve existir um botão com o id \"submit-btn\" e o texto \"Enviar\"",
                  "timedOut": null,
                  "duration": 10177,
                  "state": "failed",
                  "speed": null,
                  "pass": false,
                  "fail": true,
                  "pending": false,
                  "context": null,
                  "code": "cy.get('button#submit-btn[type=\"submit\"]').should('exist').should('have.text', 'Enviar');",
                  "err": {
                    "message": "AssertionError: Timed out retrying after 10000ms: Expected to find element: `button#submit-btn[type=\"submit\"]`, but never found it.",
                    "estack": "AssertionError: Timed out retrying after 10000ms: Expected to find element: `button#submit-btn[type=\"submit\"]`, but never found it.\n    at Context.eval (http://localhost:63111/__cypress/tests?p=cypress/integration/project.spec.js:347:50)",
                    "diff": null
                  },
                  "uuid": "4516dc42-a84c-4180-8984-dcd0411b9519",
                  "parentUUID": "350f9964-7cb6-4863-88bb-8d11bb36899e",
                  "isHook": false,
                  "skipped": false
                }
              ],
              "suites": [],
              "passes": [],
              "failures": [
                "4516dc42-a84c-4180-8984-dcd0411b9519"
              ],
              "pending": [],
              "skipped": [],
              "duration": 10177,
              "root": false,
              "rootEmpty": false,
              "_timeout": 2000
            },
            {
              "uuid": "b2cf022c-2a45-460c-a2a0-366fdd791137",
              "title": "18 - Habilite o botão \"Enviar\" após a validação do `checkbox`",
              "fullFile": "",
              "file": "",
              "beforeHooks": [],
              "afterHooks": [],
              "tests": [
                {
                  "title": "O botão deve inicialmente estar desabilitado",
                  "fullTitle": "Trybewarts 18 - Habilite o botão \"Enviar\" após a validação do `checkbox` O botão deve inicialmente estar desabilitado",
                  "timedOut": null,
                  "duration": 10159,
                  "state": "failed",
                  "speed": null,
                  "pass": false,
                  "fail": true,
                  "pending": false,
                  "context": null,
                  "code": "cy.get('button#submit-btn').should('be.disabled');",
                  "err": {
                    "message": "AssertionError: Timed out retrying after 10000ms: Expected to find element: `button#submit-btn`, but never found it.",
                    "estack": "AssertionError: Timed out retrying after 10000ms: Expected to find element: `button#submit-btn`, but never found it.\n    at Context.eval (http://localhost:63111/__cypress/tests?p=cypress/integration/project.spec.js:352:35)",
                    "diff": null
                  },
                  "uuid": "23811436-9213-4b98-8479-2bce75a0acc4",
                  "parentUUID": "b2cf022c-2a45-460c-a2a0-366fdd791137",
                  "isHook": false,
                  "skipped": false
                },
                {
                  "title": "Ao marcar o campo de confirmação, o botão de Enviar deve ser habilitado",
                  "fullTitle": "Trybewarts 18 - Habilite o botão \"Enviar\" após a validação do `checkbox` Ao marcar o campo de confirmação, o botão de Enviar deve ser habilitado",
                  "timedOut": null,
                  "duration": 10147,
                  "state": "failed",
                  "speed": null,
                  "pass": false,
                  "fail": true,
                  "pending": false,
                  "context": null,
                  "code": "cy.get('input#agreement').check();\ncy.get('button#submit-btn').should('not.be.disabled');",
                  "err": {
                    "message": "AssertionError: Timed out retrying after 10000ms: Expected to find element: `input#agreement`, but never found it.",
                    "estack": "AssertionError: Timed out retrying after 10000ms: Expected to find element: `input#agreement`, but never found it.\n    at Context.eval (http://localhost:63111/__cypress/tests?p=cypress/integration/project.spec.js:355:10)",
                    "diff": null
                  },
                  "uuid": "a027783a-620a-4057-92cc-dac9e3d4709b",
                  "parentUUID": "b2cf022c-2a45-460c-a2a0-366fdd791137",
                  "isHook": false,
                  "skipped": false
                }
              ],
              "suites": [],
              "passes": [],
              "failures": [
                "23811436-9213-4b98-8479-2bce75a0acc4",
                "a027783a-620a-4057-92cc-dac9e3d4709b"
              ],
              "pending": [],
              "skipped": [],
              "duration": 20306,
              "root": false,
              "rootEmpty": false,
              "_timeout": 2000
            },
            {
              "uuid": "1f28ef2f-0131-4d69-93b3-be79a6d36ae8",
              "title": "19 - Crie um rodapé ao final da página",
              "fullFile": "",
              "file": "",
              "beforeHooks": [],
              "afterHooks": [],
              "tests": [
                {
                  "title": "O rodapé deve conter o texto \"Direitos reservados à Trybewarts©\"",
                  "fullTitle": "Trybewarts 19 - Crie um rodapé ao final da página O rodapé deve conter o texto \"Direitos reservados à Trybewarts©\"",
                  "timedOut": null,
                  "duration": 10185,
                  "state": "failed",
                  "speed": null,
                  "pass": false,
                  "fail": true,
                  "pending": false,
                  "context": null,
                  "code": "cy.get('footer').should('exist').contains('Direitos reservados à Trybewarts©');",
                  "err": {
                    "message": "AssertionError: Timed out retrying after 10000ms: Expected to find element: `footer`, but never found it.",
                    "estack": "AssertionError: Timed out retrying after 10000ms: Expected to find element: `footer`, but never found it.\n    at Context.eval (http://localhost:63111/__cypress/tests?p=cypress/integration/project.spec.js:361:24)",
                    "diff": null
                  },
                  "uuid": "69a49970-f813-4fb3-8aa3-72ee0bd0441e",
                  "parentUUID": "1f28ef2f-0131-4d69-93b3-be79a6d36ae8",
                  "isHook": false,
                  "skipped": false
                }
              ],
              "suites": [],
              "passes": [],
              "failures": [
                "69a49970-f813-4fb3-8aa3-72ee0bd0441e"
              ],
              "pending": [],
              "skipped": [],
              "duration": 10185,
              "root": false,
              "rootEmpty": false,
              "_timeout": 2000
            },
            {
              "uuid": "e798e6bf-2e68-425b-955e-d01fe02ef786",
              "title": "20 - Crie um contador de caracteres de `id` `counter` que será decrementado de 500 a 0, à medida que algo vai sendo digitado na textarea",
              "fullFile": "",
              "file": "",
              "beforeHooks": [],
              "afterHooks": [],
              "tests": [
                {
                  "title": "Deve existir um contador com o ID \"counter\"",
                  "fullTitle": "Trybewarts 20 - Crie um contador de caracteres de `id` `counter` que será decrementado de 500 a 0, à medida que algo vai sendo digitado na textarea Deve existir um contador com o ID \"counter\"",
                  "timedOut": null,
                  "duration": 10147,
                  "state": "failed",
                  "speed": null,
                  "pass": false,
                  "fail": true,
                  "pending": false,
                  "context": null,
                  "code": "cy.get('#counter').should('exist');",
                  "err": {
                    "message": "AssertionError: Timed out retrying after 10000ms: Expected to find element: `#counter`, but never found it.",
                    "estack": "AssertionError: Timed out retrying after 10000ms: Expected to find element: `#counter`, but never found it.\n    at Context.eval (http://localhost:63111/__cypress/tests?p=cypress/integration/project.spec.js:366:26)",
                    "diff": null
                  },
                  "uuid": "16ef0719-beee-421e-9734-b658d9f0635f",
                  "parentUUID": "e798e6bf-2e68-425b-955e-d01fe02ef786",
                  "isHook": false,
                  "skipped": false
                },
                {
                  "title": "O contador de caracteres deve ser atualizado conforme o conteúdo do textarea muda.",
                  "fullTitle": "Trybewarts 20 - Crie um contador de caracteres de `id` `counter` que será decrementado de 500 a 0, à medida que algo vai sendo digitado na textarea O contador de caracteres deve ser atualizado conforme o conteúdo do textarea muda.",
                  "timedOut": null,
                  "duration": 10130,
                  "state": "failed",
                  "speed": null,
                  "pass": false,
                  "fail": true,
                  "pending": false,
                  "context": null,
                  "code": "cy.get('#counter').contains('500');\ncy.get('#textarea').type('Salve salve família');\ncy.get('#counter').contains('481');\ncy.get('#textarea').clear();\ncy.get('#counter').should('contain', '500');\ncy.get('#textarea').type('Salve salve');\ncy.get('#counter').should('contain', '489');",
                  "err": {
                    "message": "AssertionError: Timed out retrying after 10000ms: Expected to find element: `#counter`, but never found it.",
                    "estack": "AssertionError: Timed out retrying after 10000ms: Expected to find element: `#counter`, but never found it.\n    at Context.eval (http://localhost:63111/__cypress/tests?p=cypress/integration/project.spec.js:369:10)",
                    "diff": null
                  },
                  "uuid": "5c489c58-a6ad-4502-9608-5f89202a797b",
                  "parentUUID": "e798e6bf-2e68-425b-955e-d01fe02ef786",
                  "isHook": false,
                  "skipped": false
                }
              ],
              "suites": [],
              "passes": [],
              "failures": [
                "16ef0719-beee-421e-9734-b658d9f0635f",
                "5c489c58-a6ad-4502-9608-5f89202a797b"
              ],
              "pending": [],
              "skipped": [],
              "duration": 20277,
              "root": false,
              "rootEmpty": false,
              "_timeout": 2000
            },
            {
              "uuid": "5cfa267b-5f48-4036-b449-37d74edbf2a4",
              "title": "21 - Substitua o formulário pelas informações da pessoa estudante",
              "fullFile": "",
              "file": "",
              "beforeHooks": [],
              "afterHooks": [],
              "tests": [
                {
                  "title": "Deve haver um texto no modelo \"Nome: John Doe\" (substitua John Doe pelo nome e sobrenome preenchido no formulário)",
                  "fullTitle": "Trybewarts 21 - Substitua o formulário pelas informações da pessoa estudante Deve haver um texto no modelo \"Nome: John Doe\" (substitua John Doe pelo nome e sobrenome preenchido no formulário)",
                  "timedOut": null,
                  "duration": 11101,
                  "state": "failed",
                  "speed": null,
                  "pass": false,
                  "fail": true,
                  "pending": false,
                  "context": null,
                  "code": "cy.get('#form-data').contains(`Nome: ${firstName} ${lastName}`);",
                  "err": {
                    "message": "AssertionError: Timed out retrying after 10000ms: Expected to find element: `undefined`, but never found it.\n\nBecause this error occurred during a `before each` hook we are skipping the remaining tests in the current suite: `21 - Substitua o formulário...`",
                    "estack": "AssertionError: Timed out retrying after 10000ms: Expected to find element: `undefined`, but never found it.\n\nBecause this error occurred during a `before each` hook we are skipping the remaining tests in the current suite: `21 - Substitua o formulário...`\n    at Context.eval (http://localhost:63111/__cypress/tests?p=cypress/integration/project.spec.js:405:23)",
                    "diff": null
                  },
                  "uuid": "b2dd79ab-e18f-4ddc-a4d8-dfc465b6f65b",
                  "parentUUID": "5cfa267b-5f48-4036-b449-37d74edbf2a4",
                  "isHook": false,
                  "skipped": false
                },
                {
                  "title": "Deve haver um texto no modelo \"Email: alguem@email.com\"",
                  "fullTitle": "Trybewarts 21 - Substitua o formulário pelas informações da pessoa estudante Deve haver um texto no modelo \"Email: alguem@email.com\"",
                  "timedOut": null,
                  "duration": 0,
                  "state": "skipped",
                  "speed": null,
                  "pass": false,
                  "fail": false,
                  "pending": false,
                  "context": null,
                  "code": "cy.get('#form-data').contains(`Email: ${email}`);",
                  "err": {},
                  "uuid": "14add518-4b6d-455d-adee-e1807a9e4d4b",
                  "parentUUID": "5cfa267b-5f48-4036-b449-37d74edbf2a4",
                  "isHook": false,
                  "skipped": true
                },
                {
                  "title": "Deve haver um texto no modelo \"Casa: -Casa marcada-\"",
                  "fullTitle": "Trybewarts 21 - Substitua o formulário pelas informações da pessoa estudante Deve haver um texto no modelo \"Casa: -Casa marcada-\"",
                  "timedOut": null,
                  "duration": 0,
                  "state": "skipped",
                  "speed": null,
                  "pass": false,
                  "fail": false,
                  "pending": false,
                  "context": null,
                  "code": "cy.get('#form-data').contains(`Casa: ${house}`);",
                  "err": {},
                  "uuid": "ad11b82c-d619-4c83-801c-7eb04a580f68",
                  "parentUUID": "5cfa267b-5f48-4036-b449-37d74edbf2a4",
                  "isHook": false,
                  "skipped": true
                },
                {
                  "title": "Deve haver um texto no modelo \"Família: -Família marcada-\"",
                  "fullTitle": "Trybewarts 21 - Substitua o formulário pelas informações da pessoa estudante Deve haver um texto no modelo \"Família: -Família marcada-\"",
                  "timedOut": null,
                  "duration": 0,
                  "state": "skipped",
                  "speed": null,
                  "pass": false,
                  "fail": false,
                  "pending": false,
                  "context": null,
                  "code": "cy.get('#form-data').contains(`Família: ${family}`);",
                  "err": {},
                  "uuid": "c3afe996-92d3-4d66-b9bc-e2d8dcf67c1f",
                  "parentUUID": "5cfa267b-5f48-4036-b449-37d74edbf2a4",
                  "isHook": false,
                  "skipped": true
                },
                {
                  "title": "Deve haver um texto no modelo \"Matérias: -Matérias marcadas-\"",
                  "fullTitle": "Trybewarts 21 - Substitua o formulário pelas informações da pessoa estudante Deve haver um texto no modelo \"Matérias: -Matérias marcadas-\"",
                  "timedOut": null,
                  "duration": 0,
                  "state": "skipped",
                  "speed": null,
                  "pass": false,
                  "fail": false,
                  "pending": false,
                  "context": null,
                  "code": "cy.get('#form-data').contains('Matérias: Jest, React, SQL');",
                  "err": {},
                  "uuid": "90bdcb60-e58d-4ca6-933a-be1730fac7f3",
                  "parentUUID": "5cfa267b-5f48-4036-b449-37d74edbf2a4",
                  "isHook": false,
                  "skipped": true
                },
                {
                  "title": "Deve haver um texto no modelo \"Avaliação: -Nota marcada-\"",
                  "fullTitle": "Trybewarts 21 - Substitua o formulário pelas informações da pessoa estudante Deve haver um texto no modelo \"Avaliação: -Nota marcada-\"",
                  "timedOut": null,
                  "duration": 0,
                  "state": "skipped",
                  "speed": null,
                  "pass": false,
                  "fail": false,
                  "pending": false,
                  "context": null,
                  "code": "cy.get('#form-data').contains(`Avaliação: ${rate}`);",
                  "err": {},
                  "uuid": "a868a123-64ea-496e-8459-ea9858eeeba4",
                  "parentUUID": "5cfa267b-5f48-4036-b449-37d74edbf2a4",
                  "isHook": false,
                  "skipped": true
                },
                {
                  "title": "Deve haver um texto no modelo \"Observações: -Texto preenchido-\"",
                  "fullTitle": "Trybewarts 21 - Substitua o formulário pelas informações da pessoa estudante Deve haver um texto no modelo \"Observações: -Texto preenchido-\"",
                  "timedOut": null,
                  "duration": 0,
                  "state": "skipped",
                  "speed": null,
                  "pass": false,
                  "fail": false,
                  "pending": false,
                  "context": null,
                  "code": "cy.get('#form-data').contains(`Observações: ${observation}`);",
                  "err": {},
                  "uuid": "82ec1a03-1aa9-46f6-ada9-88af5a636b77",
                  "parentUUID": "5cfa267b-5f48-4036-b449-37d74edbf2a4",
                  "isHook": false,
                  "skipped": true
                },
                {
                  "title": "Ao enviar as informações, o formulário deve ser substituído pelas informações da pessoa usuária",
                  "fullTitle": "Trybewarts 21 - Substitua o formulário pelas informações da pessoa estudante Ao enviar as informações, o formulário deve ser substituído pelas informações da pessoa usuária",
                  "timedOut": null,
                  "duration": 0,
                  "state": "skipped",
                  "speed": null,
                  "pass": false,
                  "fail": false,
                  "pending": false,
                  "context": null,
                  "code": "cy.get('#evaluation-form').should('not.be.visible');",
                  "err": {},
                  "uuid": "6605dd0c-9161-46d0-a144-1dbed211e50d",
                  "parentUUID": "5cfa267b-5f48-4036-b449-37d74edbf2a4",
                  "isHook": false,
                  "skipped": true
                }
              ],
              "suites": [],
              "passes": [],
              "failures": [
                "b2dd79ab-e18f-4ddc-a4d8-dfc465b6f65b"
              ],
              "pending": [],
              "skipped": [
                "14add518-4b6d-455d-adee-e1807a9e4d4b",
                "ad11b82c-d619-4c83-801c-7eb04a580f68",
                "c3afe996-92d3-4d66-b9bc-e2d8dcf67c1f",
                "90bdcb60-e58d-4ca6-933a-be1730fac7f3",
                "a868a123-64ea-496e-8459-ea9858eeeba4",
                "82ec1a03-1aa9-46f6-ada9-88af5a636b77",
                "6605dd0c-9161-46d0-a144-1dbed211e50d"
              ],
              "duration": 11101,
              "root": false,
              "rootEmpty": false,
              "_timeout": 2000
            }
          ],
          "passes": [],
          "failures": [],
          "pending": [],
          "skipped": [],
          "duration": 0,
          "root": false,
          "rootEmpty": false,
          "_timeout": 2000
        }
      ],
      "passes": [],
      "failures": [],
      "pending": [],
      "skipped": [],
      "duration": 0,
      "root": true,
      "rootEmpty": true,
      "_timeout": 2000
    }
  ],
  "meta": {
    "mocha": {
      "version": "7.0.1"
    },
    "mochawesome": {
      "options": {
        "quiet": false,
        "reportFilename": "mochawesome",
        "saveHtml": false,
        "saveJson": true,
        "consoleReporter": "spec",
        "useInlineDiffs": false,
        "code": true
      },
      "version": "6.2.2"
    },
    "marge": {
      "options": {
        "id": "default",
        "reportDir": "cypress/reports",
        "overwrite": false,
        "html": false,
        "json": true
      },
      "version": "5.2.0"
    }
  }
}